Log file open, 03/18/18 22:09:07
LogWindows: Failed to load 'aqProf.dll' (GetLastError=126)
LogWindows: File 'aqProf.dll' does not exist
LogWindows: Failed to load 'VSPerf140.dll' (GetLastError=126)
LogWindows: File 'VSPerf140.dll' does not exist
LogWindows: Failed to load 'VtuneApi.dll' (GetLastError=126)
LogWindows: File 'VtuneApi.dll' does not exist
LogWindows: Failed to load 'VtuneApi32e.dll' (GetLastError=126)
LogWindows: File 'VtuneApi32e.dll' does not exist
LogInit: Display: Running engine for game: Project_Unknown
LogPlatformFile: Not using cached read wrapper
LogInit: Display: RandInit(-571060646) SRandInit(-571060646).
LogInit: Read version file with build ID '3944462'
LogInit: Overriding engine version to CL 3944462, compatible CL 3944462
LogInit: Registered custom module enumerator with build ID '3944462'
LogTaskGraph: Started task graph with 5 named threads and 47 total threads with 3 sets of task threads.
LogStats: Stats thread started at 0.531345
LogD3D11RHI: Aftermath initialized
LogICUInternationalization: Display: ICU TimeZone Detection - Raw Offset: +2:00, Platform Override: ''
LogModuleManager: Display: Found up-to-date module file ../../../Engine/Plugins/Runtime/WindowsDeviceProfileSelector/Binaries/Win64/UE4Editor-WindowsDeviceProfileSelector.dll (API version 3944462).
LogModuleManager: Display: Found up-to-date module file ../../../Engine/Plugins/Blendables/LightPropagationVolume/Binaries/Win64/UE4Editor-LightPropagationVolumeRuntime.dll (API version 3944462).
LogModuleManager: Display: Found up-to-date module file ../../../Engine/Plugins/Blendables/LightPropagationVolume/Binaries/Win64/UE4Editor-LightPropagationVolumeEditor.dll (API version 3944462).
LogModuleManager: Display: Found up-to-date module file ../../../Engine/Plugins/Developer/CLionSourceCodeAccess/Binaries/Win64/UE4Editor-CLionSourceCodeAccess.dll (API version 3944462).
LogModuleManager: Display: Found up-to-date module file ../../../Engine/Plugins/Developer/GitSourceControl/Binaries/Win64/UE4Editor-GitSourceControl.dll (API version 3944462).
LogModuleManager: Display: Found up-to-date module file ../../../Engine/Plugins/Developer/VisualStudioCodeSourceCodeAccess/Binaries/Win64/UE4Editor-VisualStudioCodeSourceCodeAccess.dll (API version 3944462).
LogModuleManager: Display: Found up-to-date module file ../../../Engine/Plugins/Developer/VisualStudioSourceCodeAccess/Binaries/Win64/UE4Editor-VisualStudioSourceCodeAccess.dll (API version 3944462).
LogModuleManager: Display: Found up-to-date module file ../../../Engine/Plugins/Editor/AssetManagerEditor/Binaries/Win64/UE4Editor-AssetManagerEditor.dll (API version 3944462).
LogModuleManager: Display: Found up-to-date module file ../../../Engine/Plugins/Editor/CryptoKeys/Binaries/Win64/UE4Editor-CryptoKeys.dll (API version 3944462).
LogModuleManager: Display: Found up-to-date module file ../../../Engine/Plugins/Editor/CryptoKeys/Binaries/Win64/UE4Editor-CryptoKeysOpenSSL.dll (API version 3944462).
LogModuleManager: Display: Found up-to-date module file ../../../Engine/Plugins/Editor/DataValidation/Binaries/Win64/UE4Editor-DataValidation.dll (API version 3944462).
LogModuleManager: Display: Found up-to-date module file ../../../Engine/Plugins/Editor/FacialAnimation/Binaries/Win64/UE4Editor-FacialAnimation.dll (API version 3944462).
LogModuleManager: Display: Found up-to-date module file ../../../Engine/Plugins/Editor/FacialAnimation/Binaries/Win64/UE4Editor-FacialAnimationEditor.dll (API version 3944462).
LogModuleManager: Display: Found up-to-date module file ../../../Engine/Plugins/Editor/GameplayTagsEditor/Binaries/Win64/UE4Editor-GameplayTagsEditor.dll (API version 3944462).
LogModuleManager: Display: Found up-to-date module file ../../../Engine/Plugins/Editor/PluginBrowser/Binaries/Win64/UE4Editor-PluginBrowser.dll (API version 3944462).
LogModuleManager: Display: Found up-to-date module file ../../../Engine/Plugins/Editor/SpeedTreeImporter/Binaries/Win64/UE4Editor-SpeedTreeImporter.dll (API version 3944462).
LogModuleManager: Display: Found up-to-date module file ../../../Engine/Plugins/Enterprise/DatasmithContent/Binaries/Win64/UE4Editor-DatasmithContent.dll (API version 3944462).
LogModuleManager: Display: Found up-to-date module file ../../../Engine/Plugins/Experimental/CharacterAI/Binaries/Win64/UE4Editor-CharacterAI.dll (API version 3944462).
LogModuleManager: Display: Found up-to-date module file ../../../Engine/Plugins/Experimental/HTML5Networking/Binaries/Win64/UE4Editor-HTML5Networking.dll (API version 3944462).
LogModuleManager: Display: Found up-to-date module file ../../../Engine/Plugins/Media/ImgMedia/Binaries/Win64/UE4Editor-ImgMedia.dll (API version 3944462).
LogModuleManager: Display: Found up-to-date module file ../../../Engine/Plugins/Media/ImgMedia/Binaries/Win64/UE4Editor-ImgMediaEditor.dll (API version 3944462).
LogModuleManager: Display: Found up-to-date module file ../../../Engine/Plugins/Media/ImgMedia/Binaries/Win64/UE4Editor-ImgMediaFactory.dll (API version 3944462).
LogModuleManager: Display: Found up-to-date module file ../../../Engine/Plugins/Media/ImgMedia/Binaries/Win64/UE4Editor-ImgMediaFactory.dll (API version 3944462).
LogModuleManager: Display: Found up-to-date module file ../../../Engine/Plugins/Media/ImgMedia/Binaries/Win64/UE4Editor-OpenExrWrapper.dll (API version 3944462).
LogModuleManager: Display: Found up-to-date module file ../../../Engine/Plugins/Media/LinearTimecode/Binaries/Win64/UE4Editor-LinearTimecode.dll (API version 3944462).
LogModuleManager: Display: Found up-to-date module file ../../../Engine/Plugins/Media/MediaCompositing/Binaries/Win64/UE4Editor-MediaCompositing.dll (API version 3944462).
LogModuleManager: Display: Found up-to-date module file ../../../Engine/Plugins/Media/MediaCompositing/Binaries/Win64/UE4Editor-MediaCompositingEditor.dll (API version 3944462).
LogModuleManager: Display: Found up-to-date module file ../../../Engine/Plugins/Media/MediaPlayerEditor/Binaries/Win64/UE4Editor-MediaPlayerEditor.dll (API version 3944462).
LogModuleManager: Display: Found up-to-date module file ../../../Engine/Plugins/Media/WmfMedia/Binaries/Win64/UE4Editor-WmfMedia.dll (API version 3944462).
LogModuleManager: Display: Found up-to-date module file ../../../Engine/Plugins/Media/WmfMedia/Binaries/Win64/UE4Editor-WmfMediaEditor.dll (API version 3944462).
LogModuleManager: Display: Found up-to-date module file ../../../Engine/Plugins/Media/WmfMedia/Binaries/Win64/UE4Editor-WmfMediaFactory.dll (API version 3944462).
LogModuleManager: Display: Found up-to-date module file ../../../Engine/Plugins/Media/WmfMedia/Binaries/Win64/UE4Editor-WmfMediaFactory.dll (API version 3944462).
LogModuleManager: Display: Found up-to-date module file ../../../Engine/Plugins/Messaging/TcpMessaging/Binaries/Win64/UE4Editor-TcpMessaging.dll (API version 3944462).
LogModuleManager: Display: Found up-to-date module file ../../../Engine/Plugins/Messaging/UdpMessaging/Binaries/Win64/UE4Editor-UdpMessaging.dll (API version 3944462).
LogModuleManager: Display: Found up-to-date module file ../../../Engine/Plugins/MovieScene/ActorSequence/Binaries/Win64/UE4Editor-ActorSequence.dll (API version 3944462).
LogModuleManager: Display: Found up-to-date module file ../../../Engine/Plugins/MovieScene/LevelSequenceEditor/Binaries/Win64/UE4Editor-LevelSequenceEditor.dll (API version 3944462).
LogModuleManager: Display: Found up-to-date module file ../../../Engine/Plugins/MovieScene/MatineeToLevelSequence/Binaries/Win64/UE4Editor-MatineeToLevelSequence.dll (API version 3944462).
LogModuleManager: Display: Found up-to-date module file ../../../Engine/Plugins/NetcodeUnitTest/NetcodeUnitTest/Binaries/Win64/UE4Editor-NetcodeUnitTest.dll (API version 3944462).
LogModuleManager: Display: Found up-to-date module file ../../../Engine/Plugins/NetcodeUnitTest/NUTUnrealEngine4/Binaries/Win64/UE4Editor-NUTUnrealEngine4.dll (API version 3944462).
LogModuleManager: Display: Found up-to-date module file ../../../Engine/Plugins/Online/OnlineSubsystem/Binaries/Win64/UE4Editor-OnlineSubsystem.dll (API version 3944462).
LogModuleManager: Display: Found up-to-date module file ../../../Engine/Plugins/Online/OnlineSubsystemNull/Binaries/Win64/UE4Editor-OnlineSubsystemNull.dll (API version 3944462).
LogModuleManager: Display: Found up-to-date module file ../../../Engine/Plugins/Online/OnlineSubsystemUtils/Binaries/Win64/UE4Editor-OnlineSubsystemUtils.dll (API version 3944462).
LogModuleManager: Display: Found up-to-date module file ../../../Engine/Plugins/Online/OnlineSubsystemUtils/Binaries/Win64/UE4Editor-OnlineBlueprintSupport.dll (API version 3944462).
LogModuleManager: Display: Found up-to-date module file ../../../Engine/Plugins/Runtime/AudioCapture/Binaries/Win64/UE4Editor-AudioCapture.dll (API version 3944462).
LogModuleManager: Display: Found up-to-date module file ../../../Engine/Plugins/Runtime/AudioCapture/Binaries/Win64/UE4Editor-AudioCaptureEditor.dll (API version 3944462).
LogModuleManager: Display: Found up-to-date module file ../../../Engine/Plugins/Runtime/CableComponent/Binaries/Win64/UE4Editor-CableComponent.dll (API version 3944462).
LogModuleManager: Display: Found up-to-date module file ../../../Engine/Plugins/Runtime/CustomMeshComponent/Binaries/Win64/UE4Editor-CustomMeshComponent.dll (API version 3944462).
LogModuleManager: Display: Found up-to-date module file ../../../Engine/Plugins/Runtime/ImmediatePhysics/Binaries/Win64/UE4Editor-ImmediatePhysics.dll (API version 3944462).
LogModuleManager: Display: Found up-to-date module file ../../../Engine/Plugins/Runtime/ImmediatePhysics/Binaries/Win64/UE4Editor-ImmediatePhysicsEditor.dll (API version 3944462).
LogModuleManager: Display: Found up-to-date module file ../../../Engine/Plugins/Runtime/ProceduralMeshComponent/Binaries/Win64/UE4Editor-ProceduralMeshComponent.dll (API version 3944462).
LogModuleManager: Display: Found up-to-date module file ../../../Engine/Plugins/Runtime/ProceduralMeshComponent/Binaries/Win64/UE4Editor-ProceduralMeshComponentEditor.dll (API version 3944462).
LogModuleManager: Display: Found up-to-date module file ../../../Engine/Plugins/Runtime/RuntimePhysXCooking/Binaries/Win64/UE4Editor-RuntimePhysXCooking.dll (API version 3944462).
LogModuleManager: Display: Found up-to-date module file ../../../Engine/Plugins/Runtime/WindowsMoviePlayer/Binaries/Win64/UE4Editor-WindowsMoviePlayer.dll (API version 3944462).
LogPluginManager: Mounting plugin LightPropagationVolume
LogPluginManager: Mounting plugin CLionSourceCodeAccess
LogPluginManager: Mounting plugin CodeLiteSourceCodeAccess
LogPluginManager: Mounting plugin GitSourceControl
LogPluginManager: Mounting plugin KDevelopSourceCodeAccess
LogPluginManager: Mounting plugin NullSourceCodeAccess
LogPluginManager: Mounting plugin VisualStudioCodeSourceCodeAccess
LogPluginManager: Mounting plugin VisualStudioSourceCodeAccess
LogPluginManager: Mounting plugin XCodeSourceCodeAccess
LogPluginManager: Mounting plugin AssetManagerEditor
LogPluginManager: Mounting plugin CryptoKeys
LogPluginManager: Mounting plugin DataValidation
LogPluginManager: Mounting plugin FacialAnimation
LogPluginManager: Mounting plugin GameplayTagsEditor
LogPluginManager: Mounting plugin PluginBrowser
LogPluginManager: Mounting plugin SpeedTreeImporter
LogPluginManager: Mounting plugin DatasmithContent
LogPluginManager: Mounting plugin CharacterAI
LogPluginManager: Mounting plugin HTML5Networking
LogPluginManager: Mounting plugin ImgMedia
LogPluginManager: Mounting plugin LinearTimecode
LogPluginManager: Mounting plugin MediaCompositing
LogPluginManager: Mounting plugin MediaPlayerEditor
LogPluginManager: Mounting plugin WmfMedia
LogPluginManager: Mounting plugin TcpMessaging
LogPluginManager: Mounting plugin UdpMessaging
LogPluginManager: Mounting plugin ActorSequence
LogPluginManager: Mounting plugin LevelSequenceEditor
LogPluginManager: Mounting plugin MatineeToLevelSequence
LogPluginManager: Mounting plugin NetcodeUnitTest
LogPluginManager: Mounting plugin NUTUnrealEngine4
LogPluginManager: Mounting plugin OnlineSubsystem
LogPluginManager: Mounting plugin OnlineSubsystemNull
LogPluginManager: Mounting plugin OnlineSubsystemUtils
LogPluginManager: Mounting plugin AudioCapture
LogPluginManager: Mounting plugin CableComponent
LogPluginManager: Mounting plugin CustomMeshComponent
LogPluginManager: Mounting plugin GoogleCloudMessaging
LogPluginManager: Mounting plugin ImmediatePhysics
LogPluginManager: Mounting plugin ProceduralMeshComponent
LogPluginManager: Mounting plugin RuntimePhysXCooking
LogPluginManager: Mounting plugin WindowsDeviceProfileSelector
LogPluginManager: Mounting plugin WindowsMoviePlayer
LogStreaming: Display: Took  0.338s to configure plugins.
LogInit: Using libcurl 7.47.1
LogInit:  - built for x86_64-pc-win32
LogInit:  - supports SSL with OpenSSL/1.0.2g
LogInit:  - supports HTTP deflate (compression) using libz 1.2.8
LogInit:  - other features:
LogInit:      CURL_VERSION_SSL
LogInit:      CURL_VERSION_LIBZ
LogInit:      CURL_VERSION_IPV6
LogInit:      CURL_VERSION_ASYNCHDNS
LogInit:      CURL_VERSION_LARGEFILE
LogInit:      CURL_VERSION_IDN
LogInit:  CurlRequestOptions (configurable via config and command line):
LogInit:  - bVerifyPeer = false  - Libcurl will NOT verify peer certificate
LogInit:  - bUseHttpProxy = false  - Libcurl will NOT use HTTP proxy
LogInit:  - bDontReuseConnections = false  - Libcurl will reuse connections
LogInit:  - CertBundlePath = nullptr  - Libcurl will use whatever was configured at build time.
LogInit:  - MaxHostConnections = 16  - Libcurl will limit the number of connections to a host
LogInit:  - LocalHostAddr = Default
LogInit: Build: ++UE4+Release-4.19-CL-3944462
LogInit: Engine Version: 4.19.0-3944462+++UE4+Release-4.19
LogInit: Compatible Engine Version: 4.19.0-3944462+++UE4+Release-4.19
LogInit: Net CL: 3944462
LogDevObjectVersion: Number of dev versions registered: 18
LogDevObjectVersion:   Dev-Blueprints (B0D832E4-1F89-4F0D-ACCF-7EB736FD4AA2): 10
LogDevObjectVersion:   Dev-Build (E1C64328-A22C-4D53-A36C-8E866417BD8C): 0
LogDevObjectVersion:   Dev-Core (375EC13C-06E4-48FB-B500-84F0262A717E): 2
LogDevObjectVersion:   Dev-Editor (E4B068ED-F494-42E9-A231-DA0B2E46BB41): 23
LogDevObjectVersion:   Dev-Framework (CFFC743F-43B0-4480-9391-14DF171D2073): 33
LogDevObjectVersion:   Dev-Mobile (B02B49B5-BB20-44E9-A304-32B752E40360): 2
LogDevObjectVersion:   Dev-Networking (A4E4105C-59A1-49B5-A7C5-40C4547EDFEE): 0
LogDevObjectVersion:   Dev-Online (39C831C9-5AE6-47DC-9A44-9C173E1C8E7C): 0
LogDevObjectVersion:   Dev-Physics (78F01B33-EBEA-4F98-B9B4-84EACCB95AA2): 0
LogDevObjectVersion:   Dev-Platform (6631380F-2D4D-43E0-8009-CF276956A95A): 0
LogDevObjectVersion:   Dev-Rendering (12F88B9F-8875-4AFC-A67C-D90C383ABD29): 25
LogDevObjectVersion:   Dev-Sequencer (7B5AE74C-D270-4C10-A958-57980B212A5A): 6
LogDevObjectVersion:   Dev-VR (D7296918-1DD6-4BDD-9DE2-64A83CC13884): 1
LogDevObjectVersion:   Dev-LoadTimes (C2A15278-BFE7-4AFE-6C17-90FF531DF755): 1
LogDevObjectVersion:   Private-Geometry (6EACA3D4-40EC-4CC1-B786-8BED09428FC5): 2
LogDevObjectVersion:   Dev-AnimPhys (29E575DD-E0A3-4627-9D10-D276232CDCEA): 16
LogDevObjectVersion:   Dev-ReflectionCapture (6B266CEC-1EC7-4B8F-A30B-E4D90942FC07): 1
LogDevObjectVersion:   Dev-Automation (0DF73D61-A23F-47EA-B727-89E90C41499A): 1
LogInit: Compiled (64-bit): Mar 13 2018 23:12:32
LogInit: Compiled with Visual C++: 19.00.24215.01
LogInit: Build Configuration: Development
LogInit: Branch Name: ++UE4+Release-4.19
LogInit: Command Line:  
LogInit: Base Directory: E:/UE/UE_4.19P6/UE_4.19/Engine/Binaries/Win64/
LogInit: Installed Engine Build: 1
LogStreaming: Display: Took  0.000s to delete old logs.
LogInit: Presizing for max 8388607 objects, including 0 objects not considered by GC, pre-allocating 0 bytes for permanent pool.
LogInit: Object subsystem initialized
[2018.03.18-20.09.08:148][  0]LogModuleManager: Warning: No filename provided for module ExampleDeviceProfileSelector
[2018.03.18-20.09.08:148][  0]LogModuleManager: Warning: ModuleManager: Unable to load module 'ExampleDeviceProfileSelector' because the file 'E:/UE/UE_4.19P6/UE_4.19/Engine/Binaries/Win64/' was not found.
[2018.03.18-20.09.08:148][  0]LogInit: Applying CVar settings loaded from the selected device profile: [Windows]
[2018.03.18-20.09.08:158][  0]LogInit: Computer: DESKTOP-LAGIQ6D
[2018.03.18-20.09.08:158][  0]LogInit: User: Andre
[2018.03.18-20.09.08:158][  0]LogInit: CPU Page size=4096, Cores=8
[2018.03.18-20.09.08:158][  0]LogInit: High frequency timer resolution =2.924232 MHz
[2018.03.18-20.09.08:158][  0]LogMemory: Memory total: Physical=15.9GB (16GB approx)
[2018.03.18-20.09.08:158][  0]LogMemory: Platform Memory Stats for Windows
[2018.03.18-20.09.08:158][  0]LogMemory: Process Physical Memory: 271.96 MB used, 271.96 MB peak
[2018.03.18-20.09.08:158][  0]LogMemory: Process Virtual Memory: 271.57 MB used, 271.57 MB peak
[2018.03.18-20.09.08:158][  0]LogMemory: Physical Memory: 4012.77 MB used,  12305.93 MB free, 16318.70 MB total
[2018.03.18-20.09.08:158][  0]LogMemory: Virtual Memory: 686.85 MB used,  12305.93 MB free, 134217728.00 MB total
[2018.03.18-20.09.08:208][  0]LogInit: Using OS detected language (en-US).
[2018.03.18-20.09.08:208][  0]LogInit: Using OS detected locale (en-ZA).
[2018.03.18-20.09.08:210][  0]LogTextLocalizationManager: No specific localization for 'en-US' exists, so the 'en' localization will be used.
[2018.03.18-20.09.08:713][  0]LogStreaming: Display: Took  0.506s to EndInitTextLocalization.
[2018.03.18-20.09.08:713][  0]LogInit: Setting process to per monitor DPI aware
[2018.03.18-20.09.08:737][  0]LogSlate: New Slate User Created.  User Index 0, Is Virtual User: 0
[2018.03.18-20.09.08:737][  0]LogSlate: Slate User Registered.  User Index 0, Is Virtual User: 0
[2018.03.18-20.09.08:909][  0]LogD3D11RHI: D3D11 adapters:
[2018.03.18-20.09.08:960][  0]LogD3D11RHI:    0. 'NVIDIA GeForce GTX 950' (Feature Level 11_0)
[2018.03.18-20.09.08:960][  0]LogD3D11RHI:       2007/0/8159 MB DedicatedVideo/DedicatedSystem/SharedSystem, Outputs:1, VendorId:0x10de
[2018.03.18-20.09.08:962][  0]LogD3D11RHI:    1. 'Microsoft Basic Render Driver' (Feature Level 11_0)
[2018.03.18-20.09.08:962][  0]LogD3D11RHI:       0/0/8159 MB DedicatedVideo/DedicatedSystem/SharedSystem, Outputs:0, VendorId:0x1414
[2018.03.18-20.09.08:962][  0]LogD3D11RHI: Chosen D3D11 Adapter: 0
[2018.03.18-20.09.08:968][  0]LogD3D11RHI: Creating new Direct3DDevice
[2018.03.18-20.09.08:968][  0]LogD3D11RHI:     GPU DeviceId: 0x1402 (for the marketing name, search the web for "GPU Device Id")
[2018.03.18-20.09.08:968][  0]LogWindows: EnumDisplayDevices:
[2018.03.18-20.09.08:968][  0]LogWindows:    0. 'NVIDIA GeForce GTX 950' (P:1 D:1)
[2018.03.18-20.09.08:968][  0]LogWindows:    1. 'NVIDIA GeForce GTX 950' (P:0 D:0)
[2018.03.18-20.09.08:968][  0]LogWindows:    2. 'NVIDIA GeForce GTX 950' (P:0 D:0)
[2018.03.18-20.09.08:968][  0]LogWindows:    3. 'NVIDIA GeForce GTX 950' (P:0 D:0)
[2018.03.18-20.09.08:969][  0]LogWindows: DebugString: FoundDriverCount:4 
[2018.03.18-20.09.08:969][  0]LogD3D11RHI:     Adapter Name: NVIDIA GeForce GTX 950
[2018.03.18-20.09.08:969][  0]LogD3D11RHI:   Driver Version: 390.77 (internal:23.21.13.9077, unified:390.77)
[2018.03.18-20.09.08:969][  0]LogD3D11RHI:      Driver Date: 1-23-2018
[2018.03.18-20.09.08:969][  0]LogRHI: Texture pool is 1405 MB (70% of 2007 MB)
[2018.03.18-20.09.09:003][  0]LogD3D11RHI: [Aftermath] Aftermath enabled and primed
[2018.03.18-20.09.09:003][  0]LogD3D11RHI: Async texture creation enabled
[2018.03.18-20.09.09:022][  0]LogD3D11RHI: GPU Timing Frequency: 1000.000000 (Debug: 2 2)
[2018.03.18-20.09.09:023][  0]LogShaderCompilers: Guid format shader working directory is -24 characters bigger than the processId version (../../../../../../Github/UnknownProject/UnknownProject/Project_Unknown/Intermediate/Shaders/WorkingDirectory/9860/).
[2018.03.18-20.09.09:023][  0]LogShaderCompilers: Cleaned the shader compiler working directory 'C:/Users/Andre/AppData/Local/Temp/UnrealShaderWorkingDir/5F77C136475863C22D4AF3A9824B4BAC/'.
[2018.03.18-20.09.10:147][  0]LogTemp: Display: Loaded TP AllDesktopTargetPlatform
[2018.03.18-20.09.10:164][  0]LogTemp: Display: Loaded TP MacClientTargetPlatform
[2018.03.18-20.09.10:181][  0]LogTemp: Display: Loaded TP MacNoEditorTargetPlatform
[2018.03.18-20.09.10:198][  0]LogTemp: Display: Loaded TP MacServerTargetPlatform
[2018.03.18-20.09.10:216][  0]LogTemp: Display: Loaded TP MacTargetPlatform
[2018.03.18-20.09.10:233][  0]LogTemp: Display: Loaded TP WindowsClientTargetPlatform
[2018.03.18-20.09.10:251][  0]LogTemp: Display: Loaded TP WindowsNoEditorTargetPlatform
[2018.03.18-20.09.10:268][  0]LogTemp: Display: Loaded TP WindowsServerTargetPlatform
[2018.03.18-20.09.10:275][  0]LogTemp: Display: Loaded TP WindowsTargetPlatform
[2018.03.18-20.09.10:291][  0]LogTemp: Display: Loaded TP Android_ASTCTargetPlatform
[2018.03.18-20.09.10:307][  0]LogTemp: Display: Loaded TP Android_ATCTargetPlatform
[2018.03.18-20.09.10:323][  0]LogTemp: Display: Loaded TP Android_DXTTargetPlatform
[2018.03.18-20.09.10:339][  0]LogTemp: Display: Loaded TP Android_ETC1aTargetPlatform
[2018.03.18-20.09.10:355][  0]LogTemp: Display: Loaded TP Android_ETC1TargetPlatform
[2018.03.18-20.09.10:371][  0]LogTemp: Display: Loaded TP Android_ETC2TargetPlatform
[2018.03.18-20.09.10:403][  0]LogTemp: Display: Loaded TP Android_MultiTargetPlatform
[2018.03.18-20.09.10:403][  0]LogTemp: Display: Loaded TP Android_PVRTCTargetPlatform
[2018.03.18-20.09.10:419][  0]LogTemp: Display: Loaded TP AndroidTargetPlatform
[2018.03.18-20.09.10:420][  0]LogTemp: Display: Loaded TP HTML5TargetPlatform
[2018.03.18-20.09.10:460][  0]LogTemp: Display: Loaded TP IOSTargetPlatform
[2018.03.18-20.09.10:476][  0]LogTemp: Display: Loaded TP TVOSTargetPlatform
[2018.03.18-20.09.10:492][  0]LogTemp: Display: Loaded TP LinuxClientTargetPlatform
[2018.03.18-20.09.10:509][  0]LogTemp: Display: Loaded TP LinuxNoEditorTargetPlatform
[2018.03.18-20.09.10:525][  0]LogTemp: Display: Loaded TP LinuxServerTargetPlatform
[2018.03.18-20.09.10:543][  0]LogTemp: Display: Loaded TP LinuxTargetPlatform
[2018.03.18-20.09.10:543][  0]LogTargetPlatformManager: Display: Building Assets For Windows
[2018.03.18-20.09.10:616][  0]LogXGEController: Cleaning working directory: C:/Users/Andre/AppData/Local/Temp/UnrealXGEWorkingDir/
[2018.03.18-20.09.10:616][  0]LogXGEController: Cannot use XGE Controller as Incredibuild is not installed on this machine.
[2018.03.18-20.09.10:616][  0]LogShaderCompilers: Cannot use XGE Shader Compiler as Incredibuild is not installed on this machine.
[2018.03.18-20.09.10:616][  0]LogShaderCompilers: Display: Using Local Shader Compiler.
[2018.03.18-20.09.11:341][  0]LogDerivedDataCache: Display: Max Cache Size: 512 MB
[2018.03.18-20.09.11:432][  0]LogDerivedDataCache: Loaded boot cache 0.09s 73MB C:/Users/Andre/AppData/Local/UnrealEngine/4.19/DerivedDataCache/Boot.ddc.
[2018.03.18-20.09.11:432][  0]LogDerivedDataCache: Display: Loaded Boot cache: C:/Users/Andre/AppData/Local/UnrealEngine/4.19/DerivedDataCache/Boot.ddc
[2018.03.18-20.09.11:432][  0]LogDerivedDataCache: FDerivedDataBackendGraph:  Pak pak cache file ../../../../../../Github/UnknownProject/UnknownProject/Project_Unknown/DerivedDataCache/DDC.ddp not found, will not use a pak cache.
[2018.03.18-20.09.11:432][  0]LogDerivedDataCache: Unable to find inner node Pak for hierarchical cache Hierarchy.
[2018.03.18-20.09.11:432][  0]LogDerivedDataCache: FDerivedDataBackendGraph:  CompressedPak pak cache file ../../../../../../Github/UnknownProject/UnknownProject/Project_Unknown/DerivedDataCache/Compressed.ddp not found, will not use a pak cache.
[2018.03.18-20.09.11:432][  0]LogDerivedDataCache: Unable to find inner node CompressedPak for hierarchical cache Hierarchy.
[2018.03.18-20.09.11:453][  0]LogDerivedDataCache: Display: Pak cache opened for reading ../../../Engine/DerivedDataCache/Compressed.ddp.
[2018.03.18-20.09.11:465][  0]LogDerivedDataCache: Using Local data cache path C:/Users/Andre/AppData/Local/UnrealEngine/Common/DerivedDataCache: Writable
[2018.03.18-20.09.11:479][  0]LogMaterial: Verifying Global Shaders for PCD3D_SM5
[2018.03.18-20.09.11:479][  0]LogSlate: Using Freetype 2.6.0
[2018.03.18-20.09.11:480][  0]LogSlate: SlateFontCache - WITH_FREETYPE: 1, WITH_HARFBUZZ: 1
[2018.03.18-20.09.11:480][  0]LogSlate: SlateFontCache - WITH_FREETYPE: 1, WITH_HARFBUZZ: 1
[2018.03.18-20.09.11:582][  0]LogAssetRegistry: FAssetRegistry took 0.0273 seconds to start up
[2018.03.18-20.09.11:946][  0]LogModuleManager: Warning: No filename provided for module ExampleDeviceProfileSelector
[2018.03.18-20.09.11:946][  0]LogModuleManager: Warning: ModuleManager: Unable to load module 'ExampleDeviceProfileSelector' because the file 'E:/UE/UE_4.19P6/UE_4.19/Engine/Binaries/Win64/' was not found.
[2018.03.18-20.09.12:083][  0]LogSimplygon: Simplygon DLL not present - disabling.
[2018.03.18-20.09.12:085][  0]LogMeshReduction: Using SimplygonSwarm for distributed automatic mesh merging
[2018.03.18-20.09.12:085][  0]LogMeshReduction: Using QuadricMeshReduction for automatic static mesh reduction
[2018.03.18-20.09.12:085][  0]LogMeshReduction: No automatic skeletal mesh reduction module available
[2018.03.18-20.09.12:085][  0]LogMeshReduction: No automatic mesh merging module available
[2018.03.18-20.09.12:085][  0]LogMeshMerging: No automatic mesh merging module available
[2018.03.18-20.09.12:111][  0]LogNetVersion: Project_Unknown , NetCL: 3944462, EngineNetVer: 2, GameNetVer: 0 (Checksum: 1574500905)
[2018.03.18-20.09.12:527][  0]LogPackageLocalizationCache: Processed 5 localized package path(s) for 2 prioritized culture(s) in 0.032602 seconds
[2018.03.18-20.09.12:534][  0]LogUObjectArray: 35893 objects as part of root set at end of initial load.
[2018.03.18-20.09.12:534][  0]LogUObjectAllocator: 7153512 out of 0 bytes used by permanent object pool.
[2018.03.18-20.09.12:535][  0]LogUObjectArray: CloseDisregardForGC: 0/0 objects in disregard for GC pool
[2018.03.18-20.09.12:540][  0]LogInit: WinSock: version 1.1 (2.2), MaxSocks=32767, MaxUdp=65467
[2018.03.18-20.09.13:944][  0]LogTcpMessaging: Initializing TcpMessaging bridge
[2018.03.18-20.09.13:965][  0]LogUdpMessaging: Initializing bridge on interface 0.0.0.0:0 to multicast group 230.0.0.1:6666.
[2018.03.18-20.09.14:095][  0]SourceControl: Source control is disabled
[2018.03.18-20.09.14:095][  0]SourceControl: Source control is disabled
[2018.03.18-20.09.14:778][  0]LogEngine: Initializing Engine...
[2018.03.18-20.09.14:780][  0]LogStats: UGameplayTagsManager::ConstructGameplayTagTree: Construct from data asset -  0.000 s
[2018.03.18-20.09.14:780][  0]LogStats: UGameplayTagsManager::ConstructGameplayTagTree: GameplayTagTreeChangedEvent.Broadcast -  0.000 s
[2018.03.18-20.09.15:015][  0]LogAIModule: Creating AISystem for world Untitled
[2018.03.18-20.09.15:038][  0]LogInit: XAudio2 using 'Speakers (Realtek High Definition Audio)' : 2 channels at 48 kHz using 32 bits per sample (channel mask 0x3)
[2018.03.18-20.09.15:065][  0]LogInit: FAudioDevice initialized.
[2018.03.18-20.09.15:122][  0]LogDerivedDataCache: Saved boot cache 0.06s 73MB C:/Users/Andre/AppData/Local/UnrealEngine/4.19/DerivedDataCache/Boot.ddc.
[2018.03.18-20.09.15:136][  0]LogInit: Texture streaming: Enabled
[2018.03.18-20.09.15:149][  0]LogEngineSessionManager: EngineSessionManager initialized
[2018.03.18-20.09.15:167][  0]LogInit: Transaction tracking system initialized
[2018.03.18-20.09.15:186][  0]BlueprintLog: New page: Editor Load
[2018.03.18-20.09.15:249][  0]LocalizationService: Localization service is disabled
[2018.03.18-20.09.15:307][  0]LogLinker: Warning: Can't find file '/Game/FirstPersonBP/FirstPersonOverview'
[2018.03.18-20.09.15:307][  0]LogLinker: Warning: Can't find file '/Game/FirstPersonBP/FirstPersonOverview'
[2018.03.18-20.09.15:307][  0]LogUObjectGlobals: Warning: Failed to find object 'Class /Game/FirstPersonBP/FirstPersonOverview.FirstPersonOverview_C'
[2018.03.18-20.09.15:327][  0]LogConsoleResponse: Display: 
[2018.03.18-20.09.15:498][  0]LogCook: Display: Max memory allowance for cook 16384mb min free memory 0mb
[2018.03.18-20.09.15:498][  0]LogCook: Display: Mobile HDR setting 1
[2018.03.18-20.09.15:498][  0]LogGameplayTags: Display: UGameplayTagsManager::DoneAddingNativeTags. DelegateIsBound: 0
[2018.03.18-20.09.15:498][  0]LogStats: UGameplayTagsManager::ConstructGameplayTagTree: Construct from data asset -  0.000 s
[2018.03.18-20.09.15:498][  0]LogStats: UGameplayTagsManager::ConstructGameplayTagTree: GameplayTagTreeChangedEvent.Broadcast -  0.000 s
[2018.03.18-20.09.15:601][  0]LogFileCache: Scanning file cache for directory 'E:/Github/UnknownProject/UnknownProject/Project_Unknown/Content/' took 0.01s
[2018.03.18-20.09.15:675][  0]SourceControl: Source control is disabled
[2018.03.18-20.09.15:675][  0]Cmd: MAP LOAD FILE="../../../../../../Github/UnknownProject/UnknownProject/Project_Unknown/Content/FirstPersonBP/Maps/FirstPersonExampleMap.umap" TEMPLATE=0 SHOWPROGRESS=1 FEATURELEVEL=3
[2018.03.18-20.09.15:675][  0]LogEditorServer: Warning: Can't find file '../../../../../../Github/UnknownProject/UnknownProject/Project_Unknown/Content/FirstPersonBP/Maps/FirstPersonExampleMap.umap'
[2018.03.18-20.09.15:675][  0]Cmd: MAP CHECKDEP NOCLEARLOG
[2018.03.18-20.09.15:709][  0]MapCheck: Map check complete: 0 Error(s), 0 Warning(s), took 34,155ms to complete.
[2018.03.18-20.09.15:709][  0]LogFileHelpers: Loading map 'FirstPersonExampleMap' took 0.035
[2018.03.18-20.09.15:847][  0]LogCollectionManager: Loaded 0 collections in 0.001214 seconds
[2018.03.18-20.09.15:887][  0]LogFileCache: Scanning file cache for directory 'E:/Github/UnknownProject/UnknownProject/Project_Unknown/Saved/Collections/' took 0.01s
[2018.03.18-20.09.15:887][  0]LogFileCache: Scanning file cache for directory 'E:/Github/UnknownProject/UnknownProject/Project_Unknown/Content/Developers/Andre/Collections/' took 0.01s
[2018.03.18-20.09.15:887][  0]LogFileCache: Scanning file cache for directory 'E:/Github/UnknownProject/UnknownProject/Project_Unknown/Content/Collections/' took 0.01s
[2018.03.18-20.09.15:887][  0]LogCollectionManager: Rebuilt the GUID cache for 0 collections in 0.000000 seconds
[2018.03.18-20.09.15:899][  0]LogContentBrowser: Native class hierarchy populated in 0.0117 seconds. Added 2341 classes and 483 folders.
[2018.03.18-20.09.15:905][  0]LogContentBrowser: Native class hierarchy updated for 'WidgetCarousel' in 0.0002 seconds. Added 0 classes and 0 folders.
[2018.03.18-20.09.15:939][  0]LogContentBrowser: Native class hierarchy updated for 'AddContentDialog' in 0.0003 seconds. Added 0 classes and 0 folders.
[2018.03.18-20.09.15:944][  0]LogContentBrowser: Native class hierarchy updated for 'SceneOutliner' in 0.0003 seconds. Added 1 classes and 2 folders.
[2018.03.18-20.09.16:011][  0]LogSlate: Took 0.000183 seconds to synchronously load lazily loaded font '../../../Engine/Content/Slate/Fonts/Roboto-Regular.ttf' (155K)
[2018.03.18-20.09.16:014][  0]LogSlate: Took 0.000175 seconds to synchronously load lazily loaded font '../../../Engine/Content/Slate/Fonts/Roboto-Bold.ttf' (160K)
[2018.03.18-20.09.16:021][  0]LogSlate: Took 0.000185 seconds to synchronously load lazily loaded font '../../../Engine/Content/Editor/Slate/Fonts/FontAwesome.ttf' (139K)
[2018.03.18-20.09.16:120][  0]LogRenderer: Reallocating scene render targets to support 900x456 Format 10 NumSamples 1 (Frame:1).
[2018.03.18-20.09.16:269][  0]LogContentBrowser: Native class hierarchy updated for 'HierarchicalLODOutliner' in 0.0003 seconds. Added 0 classes and 0 folders.
[2018.03.18-20.09.16:269][  0]LogLoad: (Engine Initialization) Total time: 9.96 seconds
[2018.03.18-20.09.16:269][  0]LogLoad: (Engine Initialization) Total Blueprint compile time: 0.00 seconds
[2018.03.18-20.09.16:627][  0]LogContentStreaming: Texture pool size now 1000 MB
[2018.03.18-20.09.16:653][  0]LogSlate: Took 0.000182 seconds to synchronously load lazily loaded font '../../../Engine/Content/Slate/Fonts/Roboto-Light.ttf' (167K)
[2018.03.18-20.09.16:951][  1]LogAssetRegistry: Asset discovery search completed in 5.3900 seconds
[2018.03.18-20.09.16:953][  1]LogCollectionManager: Rebuilt the object cache for 0 collections in 0.000000 seconds (found 0 objects)
[2018.03.18-20.09.16:953][  1]LogCollectionManager: Fixed up redirectors for 0 collections in 0.000051 seconds (updated 0 objects)
[2018.03.18-20.09.27:896][133]LogSlate: FSceneViewport::OnFocusLost() reason 0
[2018.03.18-20.09.30:572][429]LogSkeletalMesh: Skeletal Mesh found in DDC [3.782874ms] /Game/FirstPerson/FPWeapon/Mesh/SK_FPGun.SK_FPGun
[2018.03.18-20.09.30:627][429]LogSkeletalMesh: Skeletal Mesh found in DDC [6.234457ms] /Game/FirstPerson/Character/Mesh/SK_Mannequin_Arms.SK_Mannequin_Arms
[2018.03.18-20.09.37:922][429]LogSlate: Window 'Delete Assets' being destroyed
[2018.03.18-20.09.37:929][429]LogSlate: Took 0.000183 seconds to synchronously load lazily loaded font '../../../Engine/Content/Slate/Fonts/Roboto-Light.ttf' (167K)
[2018.03.18-20.09.50:078][351]LogSlate: Window 'New Level' being destroyed
[2018.03.18-20.09.50:085][351]Cmd: MAP LOAD FILE="../../../Engine/Content/Maps/Templates/Template_Default.umap" TEMPLATE=1 SHOWPROGRESS=1 FEATURELEVEL=3
[2018.03.18-20.09.50:099][351]LightingResults: New page: Lighting Build
[2018.03.18-20.09.50:101][351]LogContentBrowser: Native class hierarchy updated for 'StatsViewer' in 0.0003 seconds. Added 5 classes and 0 folders.
[2018.03.18-20.09.50:102][351]LoadErrors: New page: Loading map: Template_Default.umap
[2018.03.18-20.09.50:103][351]MapCheck: New page: Map Check
[2018.03.18-20.09.50:103][351]LightingResults: New page: Lighting Build
[2018.03.18-20.09.50:268][351]LogAIModule: Creating AISystem for world Untitled_1
[2018.03.18-20.09.50:343][351]LogEditorServer: Finished looking for orphan Actors (0.000 secs)
[2018.03.18-20.09.50:360][351]Cmd: MAP CHECKDEP NOCLEARLOG
[2018.03.18-20.09.50:397][351]MapCheck: Map check complete: 0 Error(s), 0 Warning(s), took 36,361ms to complete.
[2018.03.18-20.09.50:397][351]LogFileHelpers: Loading map 'Template_Default' took 0.313
[2018.03.18-20.10.03:907][890]LogSlate: FSceneViewport::OnFocusLost() reason 0
[2018.03.18-20.10.03:982][899]LogTemp: Repeating last play command: Selected Viewport
[2018.03.18-20.10.03:995][899]LogPlayLevel: PlayLevel: No blueprints needed recompiling
[2018.03.18-20.10.03:996][899]PIE: New page: PIE session: Untitled_1 (19 Mar 2018, 12:10:03 AM)
[2018.03.18-20.10.03:996][899]LogPlayLevel: Creating play world package: /Temp/UEDPIE_0_Untitled_1
[2018.03.18-20.10.03:999][899]LogPlayLevel: PIE: StaticDuplicateObject took: (0.002803s)
[2018.03.18-20.10.04:000][899]LogAIModule: Creating AISystem for world Untitled_1
[2018.03.18-20.10.04:000][899]LogPlayLevel: PIE: World Init took: (0.001347s)
[2018.03.18-20.10.04:000][899]LogPlayLevel: PIE: Created PIE world by copying editor world from /Temp/Untitled_1.Untitled_1 to /Temp/UEDPIE_0_Untitled_1.Untitled_1 (0.004306s)
[2018.03.18-20.10.04:040][899]LogInit: XAudio2 using 'Speakers (Realtek High Definition Audio)' : 2 channels at 48 kHz using 32 bits per sample (channel mask 0x3)
[2018.03.18-20.10.04:052][899]LogInit: FAudioDevice initialized.
[2018.03.18-20.10.04:098][899]LogLinker: Warning: Can't find file '/Game/FirstPersonBP/Blueprints/FirstPersonGameMode'
[2018.03.18-20.10.04:098][899]LogLinker: Warning: Can't find file '/Game/FirstPersonBP/Blueprints/FirstPersonGameMode'
[2018.03.18-20.10.04:098][899]LogUObjectGlobals: Warning: Failed to find object 'Class /Game/FirstPersonBP/Blueprints/FirstPersonGameMode.FirstPersonGameMode_C'
[2018.03.18-20.10.04:099][899]LogLoad: Game class is 'GameModeBase'
[2018.03.18-20.10.04:101][899]LogWorld: Bringing World /Temp/UEDPIE_0_Untitled_1.Untitled_1 up for play (max tick rate 0) at 2018.03.18-22.10.04
[2018.03.18-20.10.04:125][899]LogWorld: Bringing up level for play took: 0.025103
[2018.03.18-20.10.04:130][899]LogContentBrowser: Native class hierarchy updated for 'MovieSceneCapture' in 0.0003 seconds. Added 11 classes and 0 folders.
[2018.03.18-20.10.04:131][899]PIE: Play in editor start time for /Temp/UEDPIE_0_Untitled_1 0,974
[2018.03.18-20.10.21:383][895]LogSlate: FSceneViewport::OnFocusLost() reason 0
[2018.03.18-20.10.21:891][913]LogContentBrowser: Native class hierarchy updated for 'BlueprintGraph' in 0.0008 seconds. Added 116 classes and 0 folders.
[2018.03.18-20.10.22:742][913]LogSlate: Took 0.000194 seconds to synchronously load lazily loaded font '../../../Engine/Content/Slate/Fonts/Roboto-BoldCondensed.ttf' (158K)
[2018.03.18-20.10.22:999][914]LogSlate: Took 0.000197 seconds to synchronously load lazily loaded font '../../../Engine/Content/Slate/Fonts/Roboto-Italic.ttf' (157K)
[2018.03.18-20.10.49:816][690]LogRenderer: Reallocating scene render targets to support 900x720 Format 10 NumSamples 1 (Frame:1).
[2018.03.18-20.15.01:624][599]BlueprintLog: New page: Compile FirstPersonCharacter
[2018.03.18-20.15.03:481][686]LogSavePackage: Save=60.82ms
[2018.03.18-20.15.03:481][686]LogSavePackage: Moving '../../../../../../Github/UnknownProject/UnknownProject/Project_Unknown/Saved/FirstPersonCharacterBEA430B24B5E90FA86C4D7BA957F3FAA.tmp' to '../../../../../../Github/UnknownProject/UnknownProject/Project_Unknown/Content/FirstPerson/Blueprints/FirstPersonCharacter.uasset'
[2018.03.18-20.15.03:482][686]LogSavePackage: Display: Finished SavePackage ../../../../../../Github/UnknownProject/UnknownProject/Project_Unknown/Content/FirstPerson/Blueprints/FirstPersonCharacter.uasset
[2018.03.18-20.15.20:860][285]LogSlate: FSceneViewport::OnFocusLost() reason 0
[2018.03.18-20.16.06:766][952]LogSlate: Window 'FirstPersonCharacter' being destroyed
[2018.03.18-20.16.06:770][952]LogSlate: Window 'FirstPersonCharacter' being destroyed
[2018.03.18-20.16.08:472][146]LogTemp: Repeating last play command: Selected Viewport
[2018.03.18-20.16.08:491][146]LogPlayLevel: PlayLevel: No blueprints needed recompiling
[2018.03.18-20.16.08:491][146]PIE: New page: PIE session: Untitled_1 (19 Mar 2018, 12:16:08 AM)
[2018.03.18-20.16.08:491][146]LogPlayLevel: Creating play world package: /Temp/UEDPIE_0_Untitled_1
[2018.03.18-20.16.08:494][146]LogPlayLevel: PIE: StaticDuplicateObject took: (0.002703s)
[2018.03.18-20.16.08:495][146]LogAIModule: Creating AISystem for world Untitled_1
[2018.03.18-20.16.08:495][146]LogPlayLevel: PIE: World Init took: (0.000771s)
[2018.03.18-20.16.08:495][146]LogPlayLevel: PIE: Created PIE world by copying editor world from /Temp/Untitled_1.Untitled_1 to /Temp/UEDPIE_0_Untitled_1.Untitled_1 (0.003631s)
[2018.03.18-20.16.08:511][146]LogInit: XAudio2 using 'Speakers (Realtek High Definition Audio)' : 2 channels at 48 kHz using 32 bits per sample (channel mask 0x3)
[2018.03.18-20.16.08:523][146]LogInit: FAudioDevice initialized.
[2018.03.18-20.16.08:554][146]LogLoad: Game class is 'GameModeBase'
[2018.03.18-20.16.08:556][146]LogWorld: Bringing World /Temp/UEDPIE_0_Untitled_1.Untitled_1 up for play (max tick rate 0) at 2018.03.18-22.16.08
[2018.03.18-20.16.08:557][146]LogWorld: Bringing up level for play took: 0.001679
[2018.03.18-20.16.08:558][146]PIE: Play in editor start time for /Temp/UEDPIE_0_Untitled_1 -0,599
[2018.03.18-20.16.17:894][255]LogSlate: FSceneViewport::OnFocusLost() reason 0
[2018.03.18-20.16.23:863][963]LogSlate: Prevented a slow task dialog from being summoned while a context menu was open
[2018.03.18-20.16.25:321][135]LogTemp: Repeating last play command: Selected Viewport
[2018.03.18-20.16.25:335][135]LogPlayLevel: PlayLevel: No blueprints needed recompiling
[2018.03.18-20.16.25:335][135]PIE: New page: PIE session: Untitled_1 (19 Mar 2018, 12:16:25 AM)
[2018.03.18-20.16.25:335][135]LogPlayLevel: Creating play world package: /Temp/UEDPIE_0_Untitled_1
[2018.03.18-20.16.25:338][135]LogPlayLevel: PIE: StaticDuplicateObject took: (0.002663s)
[2018.03.18-20.16.25:338][135]LogAIModule: Creating AISystem for world Untitled_1
[2018.03.18-20.16.25:339][135]LogPlayLevel: PIE: World Init took: (0.000793s)
[2018.03.18-20.16.25:339][135]LogPlayLevel: PIE: Created PIE world by copying editor world from /Temp/Untitled_1.Untitled_1 to /Temp/UEDPIE_0_Untitled_1.Untitled_1 (0.003605s)
[2018.03.18-20.16.25:354][135]LogInit: XAudio2 using 'Speakers (Realtek High Definition Audio)' : 2 channels at 48 kHz using 32 bits per sample (channel mask 0x3)
[2018.03.18-20.16.25:365][135]LogInit: FAudioDevice initialized.
[2018.03.18-20.16.25:399][135]LogLoad: Game class is 'FirstPersonGameMode_C'
[2018.03.18-20.16.25:401][135]LogWorld: Bringing World /Temp/UEDPIE_0_Untitled_1.Untitled_1 up for play (max tick rate 0) at 2018.03.18-22.16.25
[2018.03.18-20.16.25:401][135]LogWorld: Bringing up level for play took: 0.001634
[2018.03.18-20.16.25:404][135]PIE: Play in editor start time for /Temp/UEDPIE_0_Untitled_1 0,247
[2018.03.18-20.16.46:206][612]LogSlate: FSceneViewport::OnFocusLost() reason 2
[2018.03.18-20.16.47:334][743]LogSlate: FSceneViewport::OnFocusLost() reason 2
[2018.03.18-20.16.48:387][743]LogSlate: Only BGRA pngs, bmps or icos are supported in by External Image Picker
[2018.03.18-20.16.48:498][744]LogTemp: Executing iPhonePackager certificates Engine -bundlename com.YourCompany.ProjectUnknown
[2018.03.18-20.16.48:498][744]LogTemp: CWD: E:\UE\UE_4.19P6\UE_4.19\Engine\Binaries\DotNET\IOS
[2018.03.18-20.16.48:498][744]LogTemp: Initial Dir: E:\UE\UE_4.19P6\UE_4.19
[2018.03.18-20.16.48:498][744]LogTemp: Env CWD: E:\UE\UE_4.19P6\UE_4.19\Engine\Binaries\DotNET\IOS
[2018.03.18-20.16.48:498][744]LogTemp: BranchPath = DESKTOP-LAGIQ6D/E/UE/UE_4.19P6/UE_4.19/Engine/Binaries --- GameBranchPath = DESKTOP-LAGIQ6D/E/UE/UE_4.19P6/UE_4.19/Engine/Binaries
[2018.03.18-20.16.48:566][745]LogTemp: IPP ERROR: Could not find provision directory 'C:\Users\Andre\AppData\Local/Apple Computer/MobileDevice/Provisioning Profiles/'.
[2018.03.18-20.16.53:680][273]LogSlate: Prevented a slow task dialog from being summoned while a context menu was open
[2018.03.18-20.16.58:500][753]LogSlate: Window 'Project Settings' being destroyed
[2018.03.18-20.16.58:505][753]LogSlate: Window 'Project Settings' being destroyed
[2018.03.18-20.17.02:209][187]LogSlate: FSceneViewport::OnFocusLost() reason 0
[2018.03.18-20.18.12:526][834]BlueprintLog: New page: Compile FirstPersonCharacter
[2018.03.18-20.18.13:893][884]LogSavePackage: Save=58.56ms
[2018.03.18-20.18.13:893][884]LogSavePackage: Moving '../../../../../../Github/UnknownProject/UnknownProject/Project_Unknown/Saved/FirstPersonCharacter063684C4484F9E765300419DDA376E77.tmp' to '../../../../../../Github/UnknownProject/UnknownProject/Project_Unknown/Content/FirstPerson/Blueprints/FirstPersonCharacter.uasset'
[2018.03.18-20.18.13:894][884]LogSavePackage: Display: Finished SavePackage ../../../../../../Github/UnknownProject/UnknownProject/Project_Unknown/Content/FirstPerson/Blueprints/FirstPersonCharacter.uasset
[2018.03.18-20.18.14:861][960]LogSlate: FSceneViewport::OnFocusLost() reason 0
[2018.03.18-20.18.15:696][ 56]LogSlate: FSceneViewport::OnFocusLost() reason 0
[2018.03.18-20.18.15:754][ 63]LogTemp: Repeating last play command: Selected Viewport
[2018.03.18-20.18.15:780][ 63]LogPlayLevel: PlayLevel: No blueprints needed recompiling
[2018.03.18-20.18.15:780][ 63]PIE: New page: PIE session: Untitled_1 (19 Mar 2018, 12:18:15 AM)
[2018.03.18-20.18.15:780][ 63]LogPlayLevel: Creating play world package: /Temp/UEDPIE_0_Untitled_1
[2018.03.18-20.18.15:783][ 63]LogPlayLevel: PIE: StaticDuplicateObject took: (0.002863s)
[2018.03.18-20.18.15:784][ 63]LogAIModule: Creating AISystem for world Untitled_1
[2018.03.18-20.18.15:784][ 63]LogPlayLevel: PIE: World Init took: (0.000860s)
[2018.03.18-20.18.15:784][ 63]LogPlayLevel: PIE: Created PIE world by copying editor world from /Temp/Untitled_1.Untitled_1 to /Temp/UEDPIE_0_Untitled_1.Untitled_1 (0.003879s)
[2018.03.18-20.18.15:801][ 63]LogInit: XAudio2 using 'Speakers (Realtek High Definition Audio)' : 2 channels at 48 kHz using 32 bits per sample (channel mask 0x3)
[2018.03.18-20.18.15:813][ 63]LogInit: FAudioDevice initialized.
[2018.03.18-20.18.15:848][ 63]LogLoad: Game class is 'FirstPersonGameMode_C'
[2018.03.18-20.18.15:850][ 63]LogWorld: Bringing World /Temp/UEDPIE_0_Untitled_1.Untitled_1 up for play (max tick rate 0) at 2018.03.18-22.18.15
[2018.03.18-20.18.15:851][ 63]LogWorld: Bringing up level for play took: 0.001623
[2018.03.18-20.18.15:853][ 63]PIE: Play in editor start time for /Temp/UEDPIE_0_Untitled_1 0,697
[2018.03.18-20.18.22:741][793]LogSlate: FSceneViewport::OnFocusLost() reason 2
[2018.03.18-20.18.24:090][886]LogSavePackage: Save=50.58ms
[2018.03.18-20.18.24:090][886]LogSavePackage: Moving '../../../../../../Github/UnknownProject/UnknownProject/Project_Unknown/Saved/FirstPersonCharacter269FD64F45B27373CFD8F6A68CA90ED4.tmp' to '../../../../../../Github/UnknownProject/UnknownProject/Project_Unknown/Content/FirstPerson/Blueprints/FirstPersonCharacter.uasset'
[2018.03.18-20.18.24:091][886]LogSavePackage: Display: Finished SavePackage ../../../../../../Github/UnknownProject/UnknownProject/Project_Unknown/Content/FirstPerson/Blueprints/FirstPersonCharacter.uasset
[2018.03.18-20.18.25:380][987]LogSlate: FSceneViewport::OnFocusLost() reason 0
[2018.03.18-20.18.42:148][294]BlueprintLog: New page: Compile FirstPersonCharacter
[2018.03.18-20.18.55:487][254]LogSlate: FSceneViewport::OnFocusLost() reason 2
[2018.03.18-20.19.10:891][444]BlueprintLog: New page: Compile FirstPersonCharacter
[2018.03.18-20.19.12:186][508]LogSavePackage: Save=51.61ms
[2018.03.18-20.19.12:186][508]LogSavePackage: Moving '../../../../../../Github/UnknownProject/UnknownProject/Project_Unknown/Saved/FirstPersonCharacter83D194D04113ECF2440EF18357480E18.tmp' to '../../../../../../Github/UnknownProject/UnknownProject/Project_Unknown/Content/FirstPerson/Blueprints/FirstPersonCharacter.uasset'
[2018.03.18-20.19.12:187][508]LogSavePackage: Display: Finished SavePackage ../../../../../../Github/UnknownProject/UnknownProject/Project_Unknown/Content/FirstPerson/Blueprints/FirstPersonCharacter.uasset
[2018.03.18-20.19.13:228][598]LogSlate: FSceneViewport::OnFocusLost() reason 0
[2018.03.18-20.19.13:337][608]LogSlate: Window 'FirstPersonCharacter' being destroyed
[2018.03.18-20.19.13:340][608]LogSlate: Window 'FirstPersonCharacter' being destroyed
[2018.03.18-20.19.24:305][914]LogSlate: FSceneViewport::OnFocusLost() reason 0
[2018.03.18-20.19.24:413][927]LogTemp: Repeating last play command: Selected Viewport
[2018.03.18-20.19.24:432][927]LogPlayLevel: PlayLevel: No blueprints needed recompiling
[2018.03.18-20.19.24:433][927]PIE: New page: PIE session: Untitled_1 (19 Mar 2018, 12:19:24 AM)
[2018.03.18-20.19.24:433][927]LogPlayLevel: Creating play world package: /Temp/UEDPIE_0_Untitled_1
[2018.03.18-20.19.24:435][927]LogPlayLevel: PIE: StaticDuplicateObject took: (0.002580s)
[2018.03.18-20.19.24:436][927]LogAIModule: Creating AISystem for world Untitled_1
[2018.03.18-20.19.24:436][927]LogPlayLevel: PIE: World Init took: (0.000934s)
[2018.03.18-20.19.24:436][927]LogPlayLevel: PIE: Created PIE world by copying editor world from /Temp/Untitled_1.Untitled_1 to /Temp/UEDPIE_0_Untitled_1.Untitled_1 (0.003683s)
[2018.03.18-20.19.24:453][927]LogInit: XAudio2 using 'Speakers (Realtek High Definition Audio)' : 2 channels at 48 kHz using 32 bits per sample (channel mask 0x3)
[2018.03.18-20.19.24:465][927]LogInit: FAudioDevice initialized.
[2018.03.18-20.19.24:497][927]LogLoad: Game class is 'FirstPersonGameMode_C'
[2018.03.18-20.19.24:499][927]LogWorld: Bringing World /Temp/UEDPIE_0_Untitled_1.Untitled_1 up for play (max tick rate 0) at 2018.03.18-22.19.24
[2018.03.18-20.19.24:499][927]LogWorld: Bringing up level for play took: 0.001521
[2018.03.18-20.19.24:501][927]PIE: Play in editor start time for /Temp/UEDPIE_0_Untitled_1 -0,655
[2018.03.18-20.19.33:362][962]LogSlate: FSceneViewport::OnFocusLost() reason 0
[2018.03.18-20.19.37:345][420]LogEditorActor: Deleted Actor: PlayerStart
[2018.03.18-20.19.37:360][420]LogEditorActor: Deleted 1 Actors (0.046 secs)
[2018.03.18-20.19.38:491][554]LogTemp: Repeating last play command: Selected Viewport
[2018.03.18-20.19.38:505][554]LogPlayLevel: PlayLevel: No blueprints needed recompiling
[2018.03.18-20.19.38:505][554]PIE: New page: PIE session: Untitled_1 (19 Mar 2018, 12:19:38 AM)
[2018.03.18-20.19.38:505][554]LogPlayLevel: Creating play world package: /Temp/UEDPIE_0_Untitled_1
[2018.03.18-20.19.38:507][554]LogPlayLevel: PIE: StaticDuplicateObject took: (0.002405s)
[2018.03.18-20.19.38:508][554]LogAIModule: Creating AISystem for world Untitled_1
[2018.03.18-20.19.38:508][554]LogPlayLevel: PIE: World Init took: (0.000889s)
[2018.03.18-20.19.38:508][554]LogPlayLevel: PIE: Created PIE world by copying editor world from /Temp/Untitled_1.Untitled_1 to /Temp/UEDPIE_0_Untitled_1.Untitled_1 (0.003470s)
[2018.03.18-20.19.38:524][554]LogInit: XAudio2 using 'Speakers (Realtek High Definition Audio)' : 2 channels at 48 kHz using 32 bits per sample (channel mask 0x3)
[2018.03.18-20.19.38:535][554]LogInit: FAudioDevice initialized.
[2018.03.18-20.19.38:570][554]LogLoad: Game class is 'FirstPersonGameMode_C'
[2018.03.18-20.19.38:572][554]LogWorld: Bringing World /Temp/UEDPIE_0_Untitled_1.Untitled_1 up for play (max tick rate 0) at 2018.03.18-22.19.38
[2018.03.18-20.19.38:572][554]LogWorld: Bringing up level for play took: 0.001498
[2018.03.18-20.19.38:574][554]PIE: Play in editor start time for /Temp/UEDPIE_0_Untitled_1 -0,582
[2018.03.18-20.19.50:629][894]LogSlate: FSceneViewport::OnFocusLost() reason 0
[2018.03.18-20.19.51:978][ 42]LogEditorActor: Deleted Actor: FirstPersonCharacter_C
[2018.03.18-20.19.51:992][ 42]LogEditorActor: Deleted 1 Actors (0.016 secs)
[2018.03.18-20.19.53:182][183]LogTemp: Repeating last play command: Selected Viewport
[2018.03.18-20.19.53:235][183]LogPlayLevel: PlayLevel: No blueprints needed recompiling
[2018.03.18-20.19.53:235][183]PIE: New page: PIE session: Untitled_1 (19 Mar 2018, 12:19:53 AM)
[2018.03.18-20.19.53:235][183]LogPlayLevel: Creating play world package: /Temp/UEDPIE_0_Untitled_1
[2018.03.18-20.19.53:237][183]LogPlayLevel: PIE: StaticDuplicateObject took: (0.001890s)
[2018.03.18-20.19.53:238][183]LogAIModule: Creating AISystem for world Untitled_1
[2018.03.18-20.19.53:238][183]LogPlayLevel: PIE: World Init took: (0.000811s)
[2018.03.18-20.19.53:238][183]LogPlayLevel: PIE: Created PIE world by copying editor world from /Temp/Untitled_1.Untitled_1 to /Temp/UEDPIE_0_Untitled_1.Untitled_1 (0.002840s)
[2018.03.18-20.19.53:253][183]LogInit: XAudio2 using 'Speakers (Realtek High Definition Audio)' : 2 channels at 48 kHz using 32 bits per sample (channel mask 0x3)
[2018.03.18-20.19.53:264][183]LogInit: FAudioDevice initialized.
[2018.03.18-20.19.53:297][183]LogLoad: Game class is 'FirstPersonGameMode_C'
[2018.03.18-20.19.53:298][183]LogWorld: Bringing World /Temp/UEDPIE_0_Untitled_1.Untitled_1 up for play (max tick rate 0) at 2018.03.18-22.19.53
[2018.03.18-20.19.53:298][183]LogWorld: Bringing up level for play took: 0.000597
[2018.03.18-20.19.53:301][183]PIE: Play in editor start time for /Temp/UEDPIE_0_Untitled_1 0,144
[2018.03.18-20.20.06:054][699]LogSlate: FSceneViewport::OnFocusLost() reason 0
[2018.03.18-20.20.12:767][482]LogSlate: FSceneViewport::OnFocusLost() reason 0
[2018.03.18-20.20.34:010][487]LogSlate: Window 'Save Level As' being destroyed
[2018.03.18-20.20.34:103][487]LogSavePackage: Save=21.52ms
[2018.03.18-20.20.34:103][487]LogSavePackage: Moving '../../../../../../Github/UnknownProject/UnknownProject/Project_Unknown/Saved/Testing_Map488896BC44743917CD0B3BB4F5CC6FB0.tmp' to '../../../../../../Github/UnknownProject/UnknownProject/Project_Unknown/Content/FirstPerson/Testing_Map.umap'
[2018.03.18-20.20.34:103][487]LogSavePackage: Display: Finished SavePackage ../../../../../../Github/UnknownProject/UnknownProject/Project_Unknown/Content/FirstPerson/Testing_Map.umap
[2018.03.18-20.20.34:136][487]LogSavePackage: Save=10.81ms
[2018.03.18-20.20.34:136][487]LogSavePackage: Moving '../../../../../../Github/UnknownProject/UnknownProject/Project_Unknown/Saved/Testing_Map_BuiltData13483A6145D1397534870AA2C77F0E2E.tmp' to '../../../../../../Github/UnknownProject/UnknownProject/Project_Unknown/Content/FirstPerson/Testing_Map_BuiltData.uasset'
[2018.03.18-20.20.34:137][487]LogSavePackage: Display: Finished SavePackage ../../../../../../Github/UnknownProject/UnknownProject/Project_Unknown/Content/FirstPerson/Testing_Map_BuiltData.uasset
[2018.03.18-20.20.34:141][487]LogFileHelpers: Saving map 'Testing_Map' took 0.125
[2018.03.18-20.20.40:975][263]LogSlate: FSceneViewport::OnFocusLost() reason 0
[2018.03.18-20.20.41:083][270]LogSavePackage: Save=20.33ms
[2018.03.18-20.20.41:083][270]LogSavePackage: Moving '../../../../../../Github/UnknownProject/UnknownProject/Project_Unknown/Saved/Testing_Map7A05B32647B87D2F95E43DA9F6EE1089.tmp' to '../../../../../../Github/UnknownProject/UnknownProject/Project_Unknown/Content/FirstPerson/Testing_Map.umap'
[2018.03.18-20.20.41:084][270]LogSavePackage: Display: Finished SavePackage ../../../../../../Github/UnknownProject/UnknownProject/Project_Unknown/Content/FirstPerson/Testing_Map.umap
[2018.03.18-20.20.41:116][270]LogSavePackage: Save=9.05ms
[2018.03.18-20.20.41:116][270]LogSavePackage: Moving '../../../../../../Github/UnknownProject/UnknownProject/Project_Unknown/Saved/Testing_Map_BuiltData88E78A554753026183A2B699BB47A1F9.tmp' to '../../../../../../Github/UnknownProject/UnknownProject/Project_Unknown/Content/FirstPerson/Testing_Map_BuiltData.uasset'
[2018.03.18-20.20.41:117][270]LogSavePackage: Display: Finished SavePackage ../../../../../../Github/UnknownProject/UnknownProject/Project_Unknown/Content/FirstPerson/Testing_Map_BuiltData.uasset
[2018.03.18-20.20.56:108][931]LogSavePackage: Save=21.40ms
[2018.03.18-20.20.56:108][931]LogSavePackage: Moving '../../../../../../Github/UnknownProject/UnknownProject/Project_Unknown/Saved/Testing_Map33D90AEA4E407A7369C0788D27C92C46.tmp' to '../../../../../../Github/UnknownProject/UnknownProject/Project_Unknown/Content/FirstPerson/Maps/Testing_Map.umap'
[2018.03.18-20.20.56:109][931]LogSavePackage: Display: Finished SavePackage ../../../../../../Github/UnknownProject/UnknownProject/Project_Unknown/Content/FirstPerson/Maps/Testing_Map.umap
[2018.03.18-20.20.56:127][931]LogFileHelpers: Saving map 'Testing_Map' took 0.097
[2018.03.18-20.20.56:139][931]LogSavePackage: Save=9.25ms
[2018.03.18-20.20.56:140][931]LogSavePackage: Moving '../../../../../../Github/UnknownProject/UnknownProject/Project_Unknown/Saved/Testing_Map_BuiltDataB1C02D5F4894B2DFB3CC0197F6027ECB.tmp' to '../../../../../../Github/UnknownProject/UnknownProject/Project_Unknown/Content/FirstPerson/Maps/Testing_Map_BuiltData.uasset'
[2018.03.18-20.20.56:140][931]LogSavePackage: Display: Finished SavePackage ../../../../../../Github/UnknownProject/UnknownProject/Project_Unknown/Content/FirstPerson/Maps/Testing_Map_BuiltData.uasset
[2018.03.18-20.21.00:531][408]Cmd: MAP LOAD FILE="../../../../../../Github/UnknownProject/UnknownProject/Project_Unknown/Content/FirstPerson/Maps/Testing_Map.umap" TEMPLATE=0 SHOWPROGRESS=1 FEATURELEVEL=3
[2018.03.18-20.21.00:531][408]LightingResults: New page: Lighting Build
[2018.03.18-20.21.00:532][408]LoadErrors: New page: Loading map: Testing_Map.umap
[2018.03.18-20.21.00:533][408]MapCheck: New page: Map Check
[2018.03.18-20.21.00:533][408]LightingResults: New page: Lighting Build
[2018.03.18-20.21.00:658][408]LogAIModule: Creating AISystem for world Testing_Map
[2018.03.18-20.21.00:749][408]LogEditorServer: Finished looking for orphan Actors (0.000 secs)
[2018.03.18-20.21.00:785][408]Cmd: MAP CHECKDEP NOCLEARLOG
[2018.03.18-20.21.00:828][408]MapCheck: Map check complete: 0 Error(s), 0 Warning(s), took 42,462ms to complete.
[2018.03.18-20.21.00:829][408]LogFileHelpers: Loading map 'Testing_Map' took 0.299
[2018.03.18-20.21.05:257][681]LogSlate: Window 'Delete Assets' being destroyed
[2018.03.18-20.21.09:595][989]LogSlate: Window 'Delete Assets' being destroyed
[2018.03.18-20.22.44:234][ 58]BlueprintLog: New page: Compile FirstPersonGameMode
[2018.03.18-20.22.45:179][117]LogSavePackage: Save=3.91ms
[2018.03.18-20.22.45:179][117]LogSavePackage: Moving '../../../../../../Github/UnknownProject/UnknownProject/Project_Unknown/Saved/FirstPersonGameMode10A560214B22A05E5CC0E29E5B291989.tmp' to '../../../../../../Github/UnknownProject/UnknownProject/Project_Unknown/Content/FirstPerson/Blueprints/FirstPersonGameMode.uasset'
[2018.03.18-20.22.45:180][117]LogSavePackage: Display: Finished SavePackage ../../../../../../Github/UnknownProject/UnknownProject/Project_Unknown/Content/FirstPerson/Blueprints/FirstPersonGameMode.uasset
[2018.03.18-20.22.46:296][228]LogSlate: Window 'FirstPersonGameMode' being destroyed
[2018.03.18-20.22.46:300][228]LogSlate: Window 'FirstPersonGameMode' being destroyed
[2018.03.18-20.23.36:509][316]BlueprintLog: New page: Compile FirstPersonHUD
[2018.03.18-20.23.37:409][364]LogSavePackage: Save=12.35ms
[2018.03.18-20.23.37:410][364]LogSavePackage: Moving '../../../../../../Github/UnknownProject/UnknownProject/Project_Unknown/Saved/FirstPersonHUD20678AC940ACDBAC8960FA8760C18346.tmp' to '../../../../../../Github/UnknownProject/UnknownProject/Project_Unknown/Content/FirstPerson/Blueprints/FirstPersonHUD.uasset'
[2018.03.18-20.23.37:410][364]LogSavePackage: Display: Finished SavePackage ../../../../../../Github/UnknownProject/UnknownProject/Project_Unknown/Content/FirstPerson/Blueprints/FirstPersonHUD.uasset
[2018.03.18-20.24.03:707][766]LogSavePackage: Save=12.24ms
[2018.03.18-20.24.03:707][766]LogSavePackage: Moving '../../../../../../Github/UnknownProject/UnknownProject/Project_Unknown/Saved/FirstPersonHUD70D9A7B34FCC64B0487B6AB53FBC77BA.tmp' to '../../../../../../Github/UnknownProject/UnknownProject/Project_Unknown/Content/FirstPerson/Blueprints/FirstPersonHUD.uasset'
[2018.03.18-20.24.03:708][766]LogSavePackage: Display: Finished SavePackage ../../../../../../Github/UnknownProject/UnknownProject/Project_Unknown/Content/FirstPerson/Blueprints/FirstPersonHUD.uasset
[2018.03.18-20.24.04:566][837]LogSlate: Window 'FirstPersonHUD' being destroyed
[2018.03.18-20.24.04:569][837]LogSlate: Window 'FirstPersonHUD' being destroyed
[2018.03.18-20.24.43:999][824]LogSavePackage: Save=22.38ms
[2018.03.18-20.24.43:999][824]LogSavePackage: Moving '../../../../../../Github/UnknownProject/UnknownProject/Project_Unknown/Saved/FirstPersonProjectile5039B3AE4A3E94A36E2734B16C7CB545.tmp' to '../../../../../../Github/UnknownProject/UnknownProject/Project_Unknown/Content/FirstPerson/Blueprints/FirstPersonProjectile.uasset'
[2018.03.18-20.24.44:000][824]LogSavePackage: Display: Finished SavePackage ../../../../../../Github/UnknownProject/UnknownProject/Project_Unknown/Content/FirstPerson/Blueprints/FirstPersonProjectile.uasset
[2018.03.18-20.24.46:207][  0]LogSlate: Window 'FirstPersonProjectile' being destroyed
[2018.03.18-20.24.46:211][  0]LogSlate: Window 'FirstPersonProjectile' being destroyed
[2018.03.18-20.24.52:248][675]LogSavePackage: Save=21.41ms
[2018.03.18-20.24.52:248][675]LogSavePackage: Moving '../../../../../../Github/UnknownProject/UnknownProject/Project_Unknown/Saved/Testing_MapA80CC36448E5CF5AD6B203B70D624F82.tmp' to '../../../../../../Github/UnknownProject/UnknownProject/Project_Unknown/Content/FirstPerson/Maps/Testing_Map.umap'
[2018.03.18-20.24.52:248][675]LogSavePackage: Display: Finished SavePackage ../../../../../../Github/UnknownProject/UnknownProject/Project_Unknown/Content/FirstPerson/Maps/Testing_Map.umap
[2018.03.18-20.24.52:282][675]LogSavePackage: Save=11.68ms
[2018.03.18-20.24.52:282][675]LogSavePackage: Moving '../../../../../../Github/UnknownProject/UnknownProject/Project_Unknown/Saved/Testing_Map_BuiltData6F84A1B24B42AED8397EB2AAD45267B0.tmp' to '../../../../../../Github/UnknownProject/UnknownProject/Project_Unknown/Content/FirstPerson/Maps/Testing_Map_BuiltData.uasset'
[2018.03.18-20.24.52:283][675]LogSavePackage: Display: Finished SavePackage ../../../../../../Github/UnknownProject/UnknownProject/Project_Unknown/Content/FirstPerson/Maps/Testing_Map_BuiltData.uasset
[2018.03.18-20.24.59:530][516]LogSlate: Window 'Project_Unknown - Unreal Editor' being destroyed
[2018.03.18-20.24.59:531][516]LogWindowsTextInputMethodSystem: Display: IME system now deactivated.
[2018.03.18-20.24.59:705][517]Cmd: QUIT_EDITOR
[2018.03.18-20.24.59:913][517]LogSlate: Slate User Destroyed.  User Index 0, Is Virtual User: 0
[2018.03.18-20.24.59:913][517]LogExit: Preparing to exit.
[2018.03.18-20.25.00:261][517]LogDirectoryWatcher: A directory notification for 'E:/Github/UnknownProject/UnknownProject/Project_Unknown/Content/' was aborted.
[2018.03.18-20.25.00:290][517]LogExit: Editor shut down
[2018.03.18-20.25.00:294][517]LogExit: Transaction tracking system shut down
[2018.03.18-20.25.00:404][517]LogDirectoryWatcher: A directory notification for '../../Plugins/Enterprise/DatasmithContent/Content/' was aborted.
[2018.03.18-20.25.00:404][517]LogDirectoryWatcher: A directory notification for '../../Plugins/Media/MediaCompositing/Content/' was aborted.
[2018.03.18-20.25.00:532][517]LogExit: Object subsystem successfully closed.
[2018.03.18-20.25.00:561][517]LogShaderCompilers: Display: Shaders left to compile 0
[2018.03.18-20.25.00:565][517]LogD3D11RHI: Shutdown
[2018.03.18-20.25.00:565][517]LogD3D11RHI: CleanupD3DDevice
[2018.03.18-20.25.00:571][517]LogD3D11RHI: ~FD3D11DynamicRHI
[2018.03.18-20.25.00:580][517]LogModuleManager: Shutting down and abandoning module ExternalImagePicker (525)
[2018.03.18-20.25.00:580][517]LogModuleManager: Shutting down and abandoning module BlueprintGraph (523)
[2018.03.18-20.25.00:580][517]LogModuleManager: Shutting down and abandoning module MovieSceneCapture (521)
[2018.03.18-20.25.00:580][517]LogModuleManager: Shutting down and abandoning module HierarchicalLODUtilities (519)
[2018.03.18-20.25.00:580][517]LogModuleManager: Shutting down and abandoning module StatsViewer (517)
[2018.03.18-20.25.00:580][517]LogModuleManager: Shutting down and abandoning module NewLevelDialog (515)
[2018.03.18-20.25.00:580][517]LogModuleManager: Shutting down and abandoning module HierarchicalLODOutliner (513)
[2018.03.18-20.25.00:580][517]LogModuleManager: Shutting down and abandoning module SceneOutliner (511)
[2018.03.18-20.25.00:580][517]LogModuleManager: Shutting down and abandoning module AddContentDialog (509)
[2018.03.18-20.25.00:580][517]LogDirectoryWatcher: A directory notification for 'E:/UE/UE_4.19P6/UE_4.19/FeaturePacks/' was aborted.
[2018.03.18-20.25.00:581][517]LogModuleManager: Shutting down and abandoning module WidgetCarousel (508)
[2018.03.18-20.25.00:581][517]LogModuleManager: Shutting down and abandoning module EditorWidgets (505)
[2018.03.18-20.25.00:581][517]LogModuleManager: Shutting down and abandoning module CollectionManager (503)
[2018.03.18-20.25.00:581][517]LogDirectoryWatcher: A directory notification for 'E:/Github/UnknownProject/UnknownProject/Project_Unknown/Content/Collections/' was aborted.
[2018.03.18-20.25.00:581][517]LogDirectoryWatcher: A directory notification for 'E:/Github/UnknownProject/UnknownProject/Project_Unknown/Content/Developers/Andre/Collections/' was aborted.
[2018.03.18-20.25.00:581][517]LogDirectoryWatcher: A directory notification for 'E:/Github/UnknownProject/UnknownProject/Project_Unknown/Saved/Collections/' was aborted.
[2018.03.18-20.25.00:581][517]LogModuleManager: Shutting down and abandoning module FoliageEdit (501)
[2018.03.18-20.25.00:581][517]LogModuleManager: Shutting down and abandoning module LandscapeEditor (499)
[2018.03.18-20.25.00:581][517]LogModuleManager: Shutting down and abandoning module MeshPaintMode (497)
[2018.03.18-20.25.00:581][517]LogModuleManager: Shutting down and abandoning module MeshPaint (496)
[2018.03.18-20.25.00:581][517]LogModuleManager: Shutting down and abandoning module SceneDepthPickerMode (493)
[2018.03.18-20.25.00:581][517]LogModuleManager: Shutting down and abandoning module ActorPickerMode (491)
[2018.03.18-20.25.00:581][517]LogModuleManager: Shutting down and abandoning module GeometryMode (489)
[2018.03.18-20.25.00:581][517]LogModuleManager: Shutting down and abandoning module TextureAlignMode (487)
[2018.03.18-20.25.00:581][517]LogModuleManager: Shutting down and abandoning module BspMode (485)
[2018.03.18-20.25.00:581][517]LogModuleManager: Shutting down and abandoning module PIEPreviewDeviceProfileSelector (483)
[2018.03.18-20.25.00:581][517]LogModuleManager: Shutting down and abandoning module HardwareSurvey (481)
[2018.03.18-20.25.00:581][517]LogModuleManager: Shutting down and abandoning module SequenceRecorderSections (479)
[2018.03.18-20.25.00:582][517]LogModuleManager: Shutting down and abandoning module AutomationWorker (477)
[2018.03.18-20.25.00:582][517]LogModuleManager: Shutting down and abandoning module AudioCaptureEditor (475)
[2018.03.18-20.25.00:582][517]LogModuleManager: Shutting down and abandoning module SequenceRecorder (474)
[2018.03.18-20.25.00:582][517]LogModuleManager: Shutting down and abandoning module MatineeToLevelSequence (471)
[2018.03.18-20.25.00:582][517]LogModuleManager: Shutting down and abandoning module LevelSequenceEditor (469)
[2018.03.18-20.25.00:582][517]LogModuleManager: Shutting down and abandoning module PlacementMode (468)
[2018.03.18-20.25.00:582][517]LogModuleManager: Shutting down and abandoning module MaterialEditor (467)
[2018.03.18-20.25.00:582][517]LogModuleManager: Shutting down and abandoning module WmfMediaFactory (463)
[2018.03.18-20.25.00:582][517]LogModuleManager: Shutting down and abandoning module WmfMediaEditor (461)
[2018.03.18-20.25.00:582][517]LogModuleManager: Shutting down and abandoning module MediaPlayerEditor (459)
[2018.03.18-20.25.00:582][517]LogModuleManager: Shutting down and abandoning module OpenExrWrapper (457)
[2018.03.18-20.25.00:582][517]LogModuleManager: Shutting down and abandoning module ImgMediaFactory (455)
[2018.03.18-20.25.00:582][517]LogModuleManager: Shutting down and abandoning module ImgMediaEditor (453)
[2018.03.18-20.25.00:582][517]LogModuleManager: Shutting down and abandoning module CharacterAI (451)
[2018.03.18-20.25.00:582][517]LogModuleManager: Shutting down and abandoning module SessionServices (449)
[2018.03.18-20.25.00:582][517]LogModuleManager: Shutting down and abandoning module ViewportSnapping (447)
[2018.03.18-20.25.00:582][517]LogModuleManager: Shutting down and abandoning module ViewportInteraction (445)
[2018.03.18-20.25.00:582][517]LogModuleManager: Shutting down and abandoning module ClothPainter (443)
[2018.03.18-20.25.00:582][517]LogModuleManager: Shutting down and abandoning module SkeletalMeshEditor (442)
[2018.03.18-20.25.00:582][517]LogModuleManager: Shutting down and abandoning module LogVisualizer (439)
[2018.03.18-20.25.00:582][517]LogModuleManager: Shutting down and abandoning module IntroTutorials (437)
[2018.03.18-20.25.00:582][517]LogModuleManager: Shutting down and abandoning module GameProjectGeneration (436)
[2018.03.18-20.25.00:582][517]LogModuleManager: Shutting down and abandoning module IOSPlatformEditor (433)
[2018.03.18-20.25.00:582][517]LogModuleManager: Shutting down and abandoning module HTML5PlatformEditor (431)
[2018.03.18-20.25.00:582][517]LogModuleManager: Shutting down and abandoning module AndroidPlatformEditor (429)
[2018.03.18-20.25.00:583][517]LogModuleManager: Shutting down and abandoning module AndroidDeviceDetection (428)
[2018.03.18-20.25.00:846][517]LogModuleManager: Shutting down and abandoning module WindowsPlatformEditor (425)
[2018.03.18-20.25.00:846][517]LogModuleManager: Shutting down and abandoning module IOSRuntimeSettings (423)
[2018.03.18-20.25.00:846][517]LogModuleManager: Shutting down and abandoning module AndroidRuntimeSettings (421)
[2018.03.18-20.25.00:846][517]LogModuleManager: Shutting down and abandoning module InputBindingEditor (419)
[2018.03.18-20.25.00:846][517]LogModuleManager: Shutting down and abandoning module MergeActors (417)
[2018.03.18-20.25.00:846][517]LogModuleManager: Shutting down and abandoning module LocalizationDashboard (415)
[2018.03.18-20.25.00:846][517]LogModuleManager: Shutting down and abandoning module LocalizationService (414)
[2018.03.18-20.25.00:846][517]LogModuleManager: Shutting down and abandoning module HardwareTargeting (411)
[2018.03.18-20.25.00:847][517]LogModuleManager: Shutting down and abandoning module DeviceProfileEditor (409)
[2018.03.18-20.25.00:847][517]LogModuleManager: Shutting down and abandoning module UndoHistory (407)
[2018.03.18-20.25.00:847][517]LogModuleManager: Shutting down and abandoning module XmlParser (405)
[2018.03.18-20.25.00:847][517]LogModuleManager: Shutting down and abandoning module Blutility (403)
[2018.03.18-20.25.00:847][517]LogModuleManager: Shutting down and abandoning module ProjectSettingsViewer (401)
[2018.03.18-20.25.00:847][517]LogModuleManager: Shutting down and abandoning module ProjectTargetPlatformEditor (400)
[2018.03.18-20.25.00:847][517]LogModuleManager: Shutting down and abandoning module EditorSettingsViewer (397)
[2018.03.18-20.25.00:847][517]LogModuleManager: Shutting down and abandoning module SettingsEditor (395)
[2018.03.18-20.25.00:847][517]LogModuleManager: Shutting down and abandoning module ProjectLauncher (393)
[2018.03.18-20.25.00:847][517]LogModuleManager: Shutting down and abandoning module SessionFrontend (391)
[2018.03.18-20.25.00:847][517]LogModuleManager: Shutting down and abandoning module ProfilerClient (389)
[2018.03.18-20.25.00:847][517]LogModuleManager: Shutting down and abandoning module DeviceManager (387)
[2018.03.18-20.25.00:847][517]LogModuleManager: Shutting down and abandoning module TargetDeviceServices (386)
[2018.03.18-20.25.00:900][517]LogModuleManager: Shutting down and abandoning module AutomationController (383)
[2018.03.18-20.25.00:900][517]LogModuleManager: Shutting down and abandoning module AutomationWindow (381)
[2018.03.18-20.25.00:900][517]LogModuleManager: Shutting down and abandoning module Layers (379)
[2018.03.18-20.25.00:900][517]LogModuleManager: Shutting down and abandoning module ComponentVisualizers (377)
[2018.03.18-20.25.00:900][517]LogModuleManager: Shutting down and abandoning module DetailCustomizations (375)
[2018.03.18-20.25.00:900][517]LogModuleManager: Shutting down and abandoning module PackagesDialog (373)
[2018.03.18-20.25.00:900][517]LogModuleManager: Shutting down and abandoning module Persona (371)
[2018.03.18-20.25.00:900][517]LogModuleManager: Shutting down and abandoning module AdvancedPreviewScene (370)
[2018.03.18-20.25.00:900][517]LogModuleManager: Shutting down and abandoning module AnimGraph (368)
[2018.03.18-20.25.00:900][517]LogModuleManager: Shutting down and abandoning module Kismet (365)
[2018.03.18-20.25.00:905][517]LogModuleManager: Shutting down and abandoning module GraphEditor (363)
[2018.03.18-20.25.00:905][517]LogModuleManager: Shutting down and abandoning module ClassViewer (361)
[2018.03.18-20.25.00:906][517]LogModuleManager: Shutting down and abandoning module Toolbox (359)
[2018.03.18-20.25.00:906][517]LogModuleManager: Shutting down and abandoning module ModuleUI (357)
[2018.03.18-20.25.00:906][517]LogModuleManager: Shutting down and abandoning module MovieSceneTools (355)
[2018.03.18-20.25.00:906][517]LogModuleManager: Shutting down and abandoning module OutputLog (353)
[2018.03.18-20.25.00:907][517]LogModuleManager: Shutting down and abandoning module GammaUI (351)
[2018.03.18-20.25.00:907][517]LogModuleManager: Shutting down and abandoning module Documentation (349)
[2018.03.18-20.25.00:907][517]LogModuleManager: Shutting down and abandoning module MovieSceneTracks (347)
[2018.03.18-20.25.00:907][517]LogModuleManager: Shutting down and abandoning module MovieScene (345)
[2018.03.18-20.25.00:907][517]LogModuleManager: Shutting down and abandoning module GeometryCache (343)
[2018.03.18-20.25.00:907][517]LogModuleManager: Shutting down and abandoning module GeometryCacheEd (342)
[2018.03.18-20.25.00:907][517]LogModuleManager: Shutting down and abandoning module StreamingPauseRendering (339)
[2018.03.18-20.25.00:907][517]LogModuleManager: Shutting down and abandoning module LauncherPlatform (337)
[2018.03.18-20.25.00:907][517]LogModuleManager: Shutting down and abandoning module AnalyticsET (335)
[2018.03.18-20.25.00:907][517]LogModuleManager: Shutting down and abandoning module PortalServices (333)
[2018.03.18-20.25.00:907][517]LogModuleManager: Shutting down and abandoning module PortalRpc (331)
[2018.03.18-20.25.00:907][517]LogModuleManager: Shutting down and abandoning module MessagingRpc (329)
[2018.03.18-20.25.00:907][517]LogModuleManager: Shutting down and abandoning module AIModule (327)
[2018.03.18-20.25.00:907][517]LogModuleManager: Shutting down and abandoning module GameplayDebugger (326)
[2018.03.18-20.25.00:907][517]LogModuleManager: Shutting down and abandoning module AITestSuite (324)
[2018.03.18-20.25.00:907][517]LogModuleManager: Shutting down and abandoning module DesktopPlatform (321)
[2018.03.18-20.25.00:907][517]LogModuleManager: Shutting down and abandoning module ProfilerService (319)
[2018.03.18-20.25.00:908][517]LogModuleManager: Shutting down and abandoning module TaskGraph (317)
[2018.03.18-20.25.00:908][517]LogModuleManager: Shutting down and abandoning module ProceduralMeshComponentEditor (315)
[2018.03.18-20.25.00:908][517]LogModuleManager: Shutting down and abandoning module ProceduralMeshComponent (313)
[2018.03.18-20.25.00:908][517]LogModuleManager: Shutting down and abandoning module CustomMeshComponent (311)
[2018.03.18-20.25.00:908][517]LogModuleManager: Shutting down and abandoning module CableComponent (309)
[2018.03.18-20.25.00:908][517]LogModuleManager: Shutting down and abandoning module AudioCapture (307)
[2018.03.18-20.25.00:908][517]LogModuleManager: Shutting down and abandoning module NUTUnrealEngine4 (303)
[2018.03.18-20.25.00:908][517]LogModuleManager: Shutting down and abandoning module NetcodeUnitTest (301)
[2018.03.18-20.25.00:908][517]LogModuleManager: Shutting down and abandoning module MediaCompositingEditor (299)
[2018.03.18-20.25.00:908][517]LogModuleManager: Shutting down and abandoning module MediaCompositing (297)
[2018.03.18-20.25.00:908][517]LogModuleManager: Shutting down and abandoning module LinearTimecode (295)
[2018.03.18-20.25.00:908][517]LogModuleManager: Shutting down and abandoning module ImgMedia (293)
[2018.03.18-20.25.00:911][517]LogModuleManager: Shutting down and abandoning module HTML5Networking (291)
[2018.03.18-20.25.00:911][517]LogModuleManager: Shutting down and abandoning module DatasmithContent (289)
[2018.03.18-20.25.00:911][517]LogModuleManager: Shutting down and abandoning module SpeedTreeImporter (287)
[2018.03.18-20.25.00:911][517]LogModuleManager: Shutting down and abandoning module PluginBrowser (285)
[2018.03.18-20.25.00:911][517]LogModuleManager: Shutting down and abandoning module CryptoKeysOpenSSL (283)
[2018.03.18-20.25.00:911][517]LogModuleManager: Shutting down and abandoning module CryptoKeys (281)
[2018.03.18-20.25.00:912][517]LogModuleManager: Shutting down and abandoning module VisualStudioSourceCodeAccess (279)
[2018.03.18-20.25.00:912][517]LogModuleManager: Shutting down and abandoning module VisualStudioCodeSourceCodeAccess (277)
[2018.03.18-20.25.00:912][517]LogModuleManager: Shutting down and abandoning module GitSourceControl (275)
[2018.03.18-20.25.00:912][517]LogModuleManager: Shutting down and abandoning module SourceControl (274)
[2018.03.18-20.25.00:912][517]LogModuleManager: Shutting down and abandoning module CLionSourceCodeAccess (271)
[2018.03.18-20.25.00:912][517]LogModuleManager: Shutting down and abandoning module LightPropagationVolumeEditor (269)
[2018.03.18-20.25.00:912][517]LogModuleManager: Shutting down and abandoning module RuntimePhysXCooking (267)
[2018.03.18-20.25.00:912][517]LogModuleManager: Shutting down and abandoning module ImmediatePhysicsEditor (265)
[2018.03.18-20.25.00:912][517]LogModuleManager: Shutting down and abandoning module ImmediatePhysics (263)
[2018.03.18-20.25.00:912][517]LogModuleManager: Shutting down and abandoning module ActorSequence (261)
[2018.03.18-20.25.00:912][517]LogModuleManager: Shutting down and abandoning module UdpMessaging (259)
[2018.03.18-20.25.01:013][517]LogModuleManager: Shutting down and abandoning module TcpMessaging (257)
[2018.03.18-20.25.01:113][517]LogModuleManager: Shutting down and abandoning module GameplayTagsEditor (255)
[2018.03.18-20.25.01:113][517]LogModuleManager: Shutting down and abandoning module FacialAnimationEditor (253)
[2018.03.18-20.25.01:113][517]LogModuleManager: Shutting down and abandoning module FacialAnimation (251)
[2018.03.18-20.25.01:113][517]LogModuleManager: Shutting down and abandoning module DataValidation (249)
[2018.03.18-20.25.01:113][517]LogModuleManager: Shutting down and abandoning module AssetManagerEditor (247)
[2018.03.18-20.25.01:113][517]LogModuleManager: Shutting down and abandoning module LevelEditor (246)
[2018.03.18-20.25.01:118][517]LogModuleManager: Shutting down and abandoning module PixelInspectorModule (245)
[2018.03.18-20.25.01:118][517]LogModuleManager: Shutting down and abandoning module CommonMenuExtensions (243)
[2018.03.18-20.25.01:118][517]LogModuleManager: Shutting down and abandoning module MainFrame (241)
[2018.03.18-20.25.01:118][517]LogModuleManager: Shutting down and abandoning module HotReload (240)
[2018.03.18-20.25.01:118][517]LogModuleManager: Shutting down and abandoning module ContentBrowser (236)
[2018.03.18-20.25.01:119][517]LogModuleManager: Shutting down and abandoning module TreeMap (234)
[2018.03.18-20.25.01:119][517]LogModuleManager: Shutting down and abandoning module LightPropagationVolumeRuntime (231)
[2018.03.18-20.25.01:119][517]LogModuleManager: Shutting down and abandoning module WindowsMoviePlayer (229)
[2018.03.18-20.25.01:119][517]LogModuleManager: Shutting down and abandoning module WmfMedia (227)
[2018.03.18-20.25.01:119][517]LogModuleManager: Shutting down and abandoning module PacketHandler (225)
[2018.03.18-20.25.01:120][517]LogModuleManager: Shutting down and abandoning module ClothingSystemEditor (223)
[2018.03.18-20.25.01:120][517]LogModuleManager: Shutting down and abandoning module ClothingSystemRuntime (221)
[2018.03.18-20.25.01:120][517]LogModuleManager: Shutting down and abandoning module MediaAssets (219)
[2018.03.18-20.25.01:120][517]LogModuleManager: Shutting down and abandoning module Media (218)
[2018.03.18-20.25.01:126][517]LogModuleManager: Shutting down and abandoning module Overlay (215)
[2018.03.18-20.25.01:126][517]LogModuleManager: Shutting down and abandoning module OverlayEditor (214)
[2018.03.18-20.25.01:126][517]LogModuleManager: Shutting down and abandoning module VREditor (211)
[2018.03.18-20.25.01:126][517]LogModuleManager: Shutting down and abandoning module StringTableEditor (209)
[2018.03.18-20.25.01:126][517]LogModuleManager: Shutting down and abandoning module GameplayTasksEditor (207)
[2018.03.18-20.25.01:126][517]LogModuleManager: Shutting down and abandoning module BehaviorTreeEditor (205)
[2018.03.18-20.25.01:126][517]LogModuleManager: Shutting down and abandoning module FunctionalTesting (203)
[2018.03.18-20.25.01:126][517]LogModuleManager: Shutting down and abandoning module CollisionAnalyzer (201)
[2018.03.18-20.25.01:126][517]LogModuleManager: Shutting down and abandoning module WorkspaceMenuStructure (200)
[2018.03.18-20.25.01:126][517]LogModuleManager: Shutting down and abandoning module UMG (197)
[2018.03.18-20.25.01:127][517]LogModuleManager: Shutting down and abandoning module UMGEditor (196)
[2018.03.18-20.25.01:127][517]LogModuleManager: Shutting down and abandoning module Sequencer (195)
[2018.03.18-20.25.01:127][517]LogModuleManager: Shutting down and abandoning module MessageLog (192)
[2018.03.18-20.25.01:127][517]LogModuleManager: Shutting down and abandoning module SlateReflector (187)
[2018.03.18-20.25.01:127][517]LogModuleManager: Shutting down and abandoning module Slate (185)
[2018.03.18-20.25.01:127][517]LogModuleManager: Shutting down and abandoning module EditorStyle (183)
[2018.03.18-20.25.01:128][517]LogModuleManager: Shutting down and abandoning module MRMesh (181)
[2018.03.18-20.25.01:129][517]LogModuleManager: Shutting down and abandoning module SourceCodeAccess (179)
[2018.03.18-20.25.01:129][517]LogModuleManager: Shutting down and abandoning module HeadMountedDisplay (177)
[2018.03.18-20.25.01:129][517]LogModuleManager: Shutting down and abandoning module XAudio2 (175)
[2018.03.18-20.25.01:129][517]LogModuleManager: Shutting down and abandoning module Networking (173)
[2018.03.18-20.25.01:129][517]LogModuleManager: Shutting down and abandoning module Core (169)
[2018.03.18-20.25.01:129][517]LogModuleManager: Shutting down and abandoning module LevelSequence (167)
[2018.03.18-20.25.01:129][517]LogModuleManager: Shutting down and abandoning module KismetCompiler (165)
[2018.03.18-20.25.01:129][517]LogModuleManager: Shutting down and abandoning module MeshUtilities (163)
[2018.03.18-20.25.01:129][517]LogModuleManager: Shutting down and abandoning module MeshMergeUtilities (162)
[2018.03.18-20.25.01:129][517]LogModuleManager: Shutting down and abandoning module MeshReductionInterface (161)
[2018.03.18-20.25.01:129][517]LogModuleManager: Shutting down and abandoning module SimplygonSwarm (160)
[2018.03.18-20.25.01:129][517]LogModuleManager: Shutting down and abandoning module SimplygonMeshReduction (158)
[2018.03.18-20.25.01:129][517]LogModuleManager: Shutting down and abandoning module QuadricMeshReduction (156)
[2018.03.18-20.25.01:129][517]LogModuleManager: Shutting down and abandoning module MaterialBaking (152)
[2018.03.18-20.25.01:129][517]LogModuleManager: Shutting down and abandoning module DirectoryWatcher (148)
[2018.03.18-20.25.01:129][517]LogDirectoryWatcher: A directory notification for '../../../Engine/Content/' was aborted.
[2018.03.18-20.25.01:129][517]LogDirectoryWatcher: A directory notification for '../../../../../../Github/UnknownProject/UnknownProject/Project_Unknown/Content/' was aborted.
[2018.03.18-20.25.01:130][517]LogModuleManager: Shutting down and abandoning module DerivedDataCache (145)
[2018.03.18-20.25.01:180][517]LogDerivedDataCache: Shutdown
[2018.03.18-20.25.01:180][517]LogModuleManager: Shutting down and abandoning module XGEController (143)
[2018.03.18-20.25.01:180][517]LogXGEController: Cleaning working directory: C:/Users/Andre/AppData/Local/Temp/UnrealXGEWorkingDir/
[2018.03.18-20.25.01:180][517]LogModuleManager: Shutting down and abandoning module TargetPlatform (141)
[2018.03.18-20.25.01:180][517]LogModuleManager: Shutting down and abandoning module VulkanShaderFormat (140)
[2018.03.18-20.25.01:180][517]LogModuleManager: Shutting down and abandoning module ShaderFormatVectorVM (138)
[2018.03.18-20.25.01:180][517]LogModuleManager: Shutting down and abandoning module ShaderFormatOpenGL (136)
[2018.03.18-20.25.01:180][517]LogModuleManager: Shutting down and abandoning module ShaderFormatD3D (134)
[2018.03.18-20.25.01:180][517]LogModuleManager: Shutting down and abandoning module MetalShaderFormat (132)
[2018.03.18-20.25.01:180][517]LogModuleManager: Shutting down and abandoning module TextureFormatUncompressed (130)
[2018.03.18-20.25.01:180][517]LogModuleManager: Shutting down and abandoning module TextureFormatPVR (128)
[2018.03.18-20.25.01:180][517]LogModuleManager: Shutting down and abandoning module TextureFormatDXT (126)
[2018.03.18-20.25.01:180][517]LogModuleManager: Shutting down and abandoning module TextureFormatIntelISPCTexComp (124)
[2018.03.18-20.25.01:180][517]LogModuleManager: Shutting down and abandoning module TextureFormatASTC (122)
[2018.03.18-20.25.01:180][517]LogModuleManager: Shutting down and abandoning module ImageWrapper (121)
[2018.03.18-20.25.01:180][517]LogModuleManager: Shutting down and abandoning module TextureFormatAndroid (118)
[2018.03.18-20.25.01:180][517]LogModuleManager: Shutting down and abandoning module AudioFormatOpus (116)
[2018.03.18-20.25.01:180][517]LogModuleManager: Shutting down and abandoning module AudioFormatOgg (114)
[2018.03.18-20.25.01:180][517]LogModuleManager: Shutting down and abandoning module AudioFormatADPCM (112)
[2018.03.18-20.25.01:180][517]LogModuleManager: Shutting down and abandoning module LinuxTargetPlatform (110)
[2018.03.18-20.25.01:180][517]LogModuleManager: Shutting down and abandoning module LinuxServerTargetPlatform (108)
[2018.03.18-20.25.01:180][517]LogModuleManager: Shutting down and abandoning module LinuxNoEditorTargetPlatform (106)
[2018.03.18-20.25.01:180][517]LogModuleManager: Shutting down and abandoning module LinuxClientTargetPlatform (104)
[2018.03.18-20.25.01:180][517]LogModuleManager: Shutting down and abandoning module TVOSTargetPlatform (102)
[2018.03.18-20.25.01:180][517]LogModuleManager: Shutting down and abandoning module Messaging (100)
[2018.03.18-20.25.01:180][517]LogModuleManager: Shutting down and abandoning module IOSTargetPlatform (98)
[2018.03.18-20.25.01:180][517]LogModuleManager: Shutting down and abandoning module HTML5TargetPlatform (96)
[2018.03.18-20.25.01:180][517]LogModuleManager: Shutting down and abandoning module AndroidTargetPlatform (94)
[2018.03.18-20.25.01:181][517]LogModuleManager: Shutting down and abandoning module Android_PVRTCTargetPlatform (92)
[2018.03.18-20.25.01:181][517]LogModuleManager: Shutting down and abandoning module Android_MultiTargetPlatform (90)
[2018.03.18-20.25.01:181][517]LogModuleManager: Shutting down and abandoning module Android_ETC2TargetPlatform (88)
[2018.03.18-20.25.01:181][517]LogModuleManager: Shutting down and abandoning module Android_ETC1TargetPlatform (86)
[2018.03.18-20.25.01:181][517]LogModuleManager: Shutting down and abandoning module Android_ETC1aTargetPlatform (84)
[2018.03.18-20.25.01:181][517]LogModuleManager: Shutting down and abandoning module Android_DXTTargetPlatform (82)
[2018.03.18-20.25.01:181][517]LogModuleManager: Shutting down and abandoning module Android_ATCTargetPlatform (80)
[2018.03.18-20.25.01:181][517]LogModuleManager: Shutting down and abandoning module Android_ASTCTargetPlatform (78)
[2018.03.18-20.25.01:181][517]LogModuleManager: Shutting down and abandoning module WindowsTargetPlatform (76)
[2018.03.18-20.25.01:181][517]LogModuleManager: Shutting down and abandoning module WindowsServerTargetPlatform (74)
[2018.03.18-20.25.01:181][517]LogModuleManager: Shutting down and abandoning module WindowsNoEditorTargetPlatform (72)
[2018.03.18-20.25.01:181][517]LogModuleManager: Shutting down and abandoning module WindowsClientTargetPlatform (70)
[2018.03.18-20.25.01:181][517]LogModuleManager: Shutting down and abandoning module MacTargetPlatform (68)
[2018.03.18-20.25.01:181][517]LogModuleManager: Shutting down and abandoning module MacServerTargetPlatform (66)
[2018.03.18-20.25.01:181][517]LogModuleManager: Shutting down and abandoning module MacNoEditorTargetPlatform (64)
[2018.03.18-20.25.01:181][517]LogModuleManager: Shutting down and abandoning module MacClientTargetPlatform (62)
[2018.03.18-20.25.01:181][517]LogModuleManager: Shutting down and abandoning module AllDesktopTargetPlatform (60)
[2018.03.18-20.25.01:181][517]LogModuleManager: Shutting down and abandoning module InputCore (57)
[2018.03.18-20.25.01:181][517]LogModuleManager: Shutting down and abandoning module Settings (55)
[2018.03.18-20.25.01:181][517]LogModuleManager: Shutting down and abandoning module PhysXCooking (53)
[2018.03.18-20.25.01:181][517]LogModuleManager: Shutting down and abandoning module WindowsDeviceProfileSelector (50)
[2018.03.18-20.25.01:181][517]LogModuleManager: Shutting down and abandoning module OnlineBlueprintSupport (48)
[2018.03.18-20.25.01:181][517]LogModuleManager: Shutting down and abandoning module OnlineSubsystem (44)
[2018.03.18-20.25.01:181][517]LogModuleManager: Shutting down and abandoning module XMPP (43)
[2018.03.18-20.25.01:181][517]LogModuleManager: Shutting down and abandoning module HTTP (41)
[2018.03.18-20.25.01:181][517]LogHttp: Display: Http module shutting down, but needs to wait on 1 outstanding Http requests:
[2018.03.18-20.25.01:181][517]LogHttp: Display: 	verb=[POST] url=[https://datarouter.ol.epicgames.com/datarouter/api/v1/public/data?SessionID=%7B5CB009BB-44A3-5F0C-8D0B-BCB418141436%7D&AppID=UEEditor.Rocket.Release&AppVersion=4.19.0-3944462%2B%2B%2BUE4%2BRelease-4.19&UserID=862830324498c893b4807d8056a232ff%7C395be5349c0942cc9800baa4a7326347%7C6147075d-8497-4c96-b56c-911ce71b1149&AppEnvironment=datacollector-binary&UploadType=eteventstream] status=Processing
[2018.03.18-20.25.01:200][517]LogModuleManager: Shutting down and abandoning module SSL (40)
[2018.03.18-20.25.01:201][517]LogModuleManager: Shutting down and abandoning module AnimationModifiers (36)
[2018.03.18-20.25.01:201][517]LogModuleManager: Shutting down and abandoning module PropertyEditor (35)
[2018.03.18-20.25.01:201][517]LogModuleManager: Shutting down and abandoning module AudioEditor (32)
[2018.03.18-20.25.01:201][517]LogModuleManager: Shutting down and abandoning module TextureCompressor (30)
[2018.03.18-20.25.01:201][517]LogModuleManager: Shutting down and abandoning module ShaderCore (28)
[2018.03.18-20.25.01:201][517]LogModuleManager: Shutting down and abandoning module Landscape (26)
[2018.03.18-20.25.01:201][517]LogModuleManager: Shutting down and abandoning module SlateRHIRenderer (24)
[2018.03.18-20.25.01:203][517]LogModuleManager: Shutting down and abandoning module OpenGLDrv (22)
[2018.03.18-20.25.01:203][517]LogModuleManager: Shutting down and abandoning module D3D11RHI (20)
[2018.03.18-20.25.01:203][517]LogModuleManager: Shutting down and abandoning module AnimGraphRuntime (18)
[2018.03.18-20.25.01:203][517]LogModuleManager: Shutting down and abandoning module Renderer (16)
[2018.03.18-20.25.01:203][517]LogModuleManager: Shutting down and abandoning module Engine (14)
[2018.03.18-20.25.01:203][517]LogModuleManager: Shutting down and abandoning module CoreUObject (12)
[2018.03.18-20.25.01:203][517]LogModuleManager: Shutting down and abandoning module NetworkFile (10)
[2018.03.18-20.25.01:203][517]LogModuleManager: Shutting down and abandoning module CookedIterativeFile (8)
[2018.03.18-20.25.01:203][517]LogModuleManager: Shutting down and abandoning module StreamingFile (6)
[2018.03.18-20.25.01:203][517]LogModuleManager: Shutting down and abandoning module SandboxFile (4)
[2018.03.18-20.25.01:203][517]LogModuleManager: Shutting down and abandoning module PakFile (2)
[2018.03.18-20.25.01:214][517]LogExit: Exiting.
[2018.03.18-20.25.01:225][517]Log file closed, 03/18/18 22:25:01
