Log file open, 03/18/18 21:31:48
LogWindows: Failed to load 'aqProf.dll' (GetLastError=126)
LogWindows: File 'aqProf.dll' does not exist
LogWindows: Failed to load 'VSPerf140.dll' (GetLastError=126)
LogWindows: File 'VSPerf140.dll' does not exist
LogWindows: Failed to load 'VtuneApi.dll' (GetLastError=126)
LogWindows: File 'VtuneApi.dll' does not exist
LogWindows: Failed to load 'VtuneApi32e.dll' (GetLastError=126)
LogWindows: File 'VtuneApi32e.dll' does not exist
LogInit: Display: Running engine for game: Project_Unknown
LogPlatformFile: Not using cached read wrapper
LogInit: Display: RandInit(1471854777) SRandInit(1471854777).
LogInit: Read version file with build ID '3944462'
LogInit: Overriding engine version to CL 3944462, compatible CL 3944462
LogInit: Registered custom module enumerator with build ID '3944462'
LogTaskGraph: Started task graph with 5 named threads and 47 total threads with 3 sets of task threads.
LogStats: Stats thread started at 0.522918
LogD3D11RHI: Aftermath initialized
LogICUInternationalization: Display: ICU TimeZone Detection - Raw Offset: +2:00, Platform Override: ''
LogModuleManager: Display: Found up-to-date module file ../../../Engine/Plugins/Runtime/WindowsDeviceProfileSelector/Binaries/Win64/UE4Editor-WindowsDeviceProfileSelector.dll (API version 3944462).
LogModuleManager: Display: Found up-to-date module file ../../../Engine/Plugins/Blendables/LightPropagationVolume/Binaries/Win64/UE4Editor-LightPropagationVolumeRuntime.dll (API version 3944462).
LogModuleManager: Display: Found up-to-date module file ../../../Engine/Plugins/Blendables/LightPropagationVolume/Binaries/Win64/UE4Editor-LightPropagationVolumeEditor.dll (API version 3944462).
LogModuleManager: Display: Found up-to-date module file ../../../Engine/Plugins/Developer/CLionSourceCodeAccess/Binaries/Win64/UE4Editor-CLionSourceCodeAccess.dll (API version 3944462).
LogModuleManager: Display: Found up-to-date module file ../../../Engine/Plugins/Developer/GitSourceControl/Binaries/Win64/UE4Editor-GitSourceControl.dll (API version 3944462).
LogModuleManager: Display: Found up-to-date module file ../../../Engine/Plugins/Developer/VisualStudioCodeSourceCodeAccess/Binaries/Win64/UE4Editor-VisualStudioCodeSourceCodeAccess.dll (API version 3944462).
LogModuleManager: Display: Found up-to-date module file ../../../Engine/Plugins/Developer/VisualStudioSourceCodeAccess/Binaries/Win64/UE4Editor-VisualStudioSourceCodeAccess.dll (API version 3944462).
LogModuleManager: Display: Found up-to-date module file ../../../Engine/Plugins/Editor/AssetManagerEditor/Binaries/Win64/UE4Editor-AssetManagerEditor.dll (API version 3944462).
LogModuleManager: Display: Found up-to-date module file ../../../Engine/Plugins/Editor/CryptoKeys/Binaries/Win64/UE4Editor-CryptoKeys.dll (API version 3944462).
LogModuleManager: Display: Found up-to-date module file ../../../Engine/Plugins/Editor/CryptoKeys/Binaries/Win64/UE4Editor-CryptoKeysOpenSSL.dll (API version 3944462).
LogModuleManager: Display: Found up-to-date module file ../../../Engine/Plugins/Editor/DataValidation/Binaries/Win64/UE4Editor-DataValidation.dll (API version 3944462).
LogModuleManager: Display: Found up-to-date module file ../../../Engine/Plugins/Editor/FacialAnimation/Binaries/Win64/UE4Editor-FacialAnimation.dll (API version 3944462).
LogModuleManager: Display: Found up-to-date module file ../../../Engine/Plugins/Editor/FacialAnimation/Binaries/Win64/UE4Editor-FacialAnimationEditor.dll (API version 3944462).
LogModuleManager: Display: Found up-to-date module file ../../../Engine/Plugins/Editor/GameplayTagsEditor/Binaries/Win64/UE4Editor-GameplayTagsEditor.dll (API version 3944462).
LogModuleManager: Display: Found up-to-date module file ../../../Engine/Plugins/Editor/PluginBrowser/Binaries/Win64/UE4Editor-PluginBrowser.dll (API version 3944462).
LogModuleManager: Display: Found up-to-date module file ../../../Engine/Plugins/Editor/SpeedTreeImporter/Binaries/Win64/UE4Editor-SpeedTreeImporter.dll (API version 3944462).
LogModuleManager: Display: Found up-to-date module file ../../../Engine/Plugins/Enterprise/DatasmithContent/Binaries/Win64/UE4Editor-DatasmithContent.dll (API version 3944462).
LogModuleManager: Display: Found up-to-date module file ../../../Engine/Plugins/Experimental/CharacterAI/Binaries/Win64/UE4Editor-CharacterAI.dll (API version 3944462).
LogModuleManager: Display: Found up-to-date module file ../../../Engine/Plugins/Experimental/HTML5Networking/Binaries/Win64/UE4Editor-HTML5Networking.dll (API version 3944462).
LogModuleManager: Display: Found up-to-date module file ../../../Engine/Plugins/Media/ImgMedia/Binaries/Win64/UE4Editor-ImgMedia.dll (API version 3944462).
LogModuleManager: Display: Found up-to-date module file ../../../Engine/Plugins/Media/ImgMedia/Binaries/Win64/UE4Editor-ImgMediaEditor.dll (API version 3944462).
LogModuleManager: Display: Found up-to-date module file ../../../Engine/Plugins/Media/ImgMedia/Binaries/Win64/UE4Editor-ImgMediaFactory.dll (API version 3944462).
LogModuleManager: Display: Found up-to-date module file ../../../Engine/Plugins/Media/ImgMedia/Binaries/Win64/UE4Editor-ImgMediaFactory.dll (API version 3944462).
LogModuleManager: Display: Found up-to-date module file ../../../Engine/Plugins/Media/ImgMedia/Binaries/Win64/UE4Editor-OpenExrWrapper.dll (API version 3944462).
LogModuleManager: Display: Found up-to-date module file ../../../Engine/Plugins/Media/LinearTimecode/Binaries/Win64/UE4Editor-LinearTimecode.dll (API version 3944462).
LogModuleManager: Display: Found up-to-date module file ../../../Engine/Plugins/Media/MediaCompositing/Binaries/Win64/UE4Editor-MediaCompositing.dll (API version 3944462).
LogModuleManager: Display: Found up-to-date module file ../../../Engine/Plugins/Media/MediaCompositing/Binaries/Win64/UE4Editor-MediaCompositingEditor.dll (API version 3944462).
LogModuleManager: Display: Found up-to-date module file ../../../Engine/Plugins/Media/MediaPlayerEditor/Binaries/Win64/UE4Editor-MediaPlayerEditor.dll (API version 3944462).
LogModuleManager: Display: Found up-to-date module file ../../../Engine/Plugins/Media/WmfMedia/Binaries/Win64/UE4Editor-WmfMedia.dll (API version 3944462).
LogModuleManager: Display: Found up-to-date module file ../../../Engine/Plugins/Media/WmfMedia/Binaries/Win64/UE4Editor-WmfMediaEditor.dll (API version 3944462).
LogModuleManager: Display: Found up-to-date module file ../../../Engine/Plugins/Media/WmfMedia/Binaries/Win64/UE4Editor-WmfMediaFactory.dll (API version 3944462).
LogModuleManager: Display: Found up-to-date module file ../../../Engine/Plugins/Media/WmfMedia/Binaries/Win64/UE4Editor-WmfMediaFactory.dll (API version 3944462).
LogModuleManager: Display: Found up-to-date module file ../../../Engine/Plugins/Messaging/TcpMessaging/Binaries/Win64/UE4Editor-TcpMessaging.dll (API version 3944462).
LogModuleManager: Display: Found up-to-date module file ../../../Engine/Plugins/Messaging/UdpMessaging/Binaries/Win64/UE4Editor-UdpMessaging.dll (API version 3944462).
LogModuleManager: Display: Found up-to-date module file ../../../Engine/Plugins/MovieScene/ActorSequence/Binaries/Win64/UE4Editor-ActorSequence.dll (API version 3944462).
LogModuleManager: Display: Found up-to-date module file ../../../Engine/Plugins/MovieScene/LevelSequenceEditor/Binaries/Win64/UE4Editor-LevelSequenceEditor.dll (API version 3944462).
LogModuleManager: Display: Found up-to-date module file ../../../Engine/Plugins/MovieScene/MatineeToLevelSequence/Binaries/Win64/UE4Editor-MatineeToLevelSequence.dll (API version 3944462).
LogModuleManager: Display: Found up-to-date module file ../../../Engine/Plugins/NetcodeUnitTest/NetcodeUnitTest/Binaries/Win64/UE4Editor-NetcodeUnitTest.dll (API version 3944462).
LogModuleManager: Display: Found up-to-date module file ../../../Engine/Plugins/NetcodeUnitTest/NUTUnrealEngine4/Binaries/Win64/UE4Editor-NUTUnrealEngine4.dll (API version 3944462).
LogModuleManager: Display: Found up-to-date module file ../../../Engine/Plugins/Online/OnlineSubsystem/Binaries/Win64/UE4Editor-OnlineSubsystem.dll (API version 3944462).
LogModuleManager: Display: Found up-to-date module file ../../../Engine/Plugins/Online/OnlineSubsystemNull/Binaries/Win64/UE4Editor-OnlineSubsystemNull.dll (API version 3944462).
LogModuleManager: Display: Found up-to-date module file ../../../Engine/Plugins/Online/OnlineSubsystemUtils/Binaries/Win64/UE4Editor-OnlineSubsystemUtils.dll (API version 3944462).
LogModuleManager: Display: Found up-to-date module file ../../../Engine/Plugins/Online/OnlineSubsystemUtils/Binaries/Win64/UE4Editor-OnlineBlueprintSupport.dll (API version 3944462).
LogModuleManager: Display: Found up-to-date module file ../../../Engine/Plugins/Runtime/AudioCapture/Binaries/Win64/UE4Editor-AudioCapture.dll (API version 3944462).
LogModuleManager: Display: Found up-to-date module file ../../../Engine/Plugins/Runtime/AudioCapture/Binaries/Win64/UE4Editor-AudioCaptureEditor.dll (API version 3944462).
LogModuleManager: Display: Found up-to-date module file ../../../Engine/Plugins/Runtime/CableComponent/Binaries/Win64/UE4Editor-CableComponent.dll (API version 3944462).
LogModuleManager: Display: Found up-to-date module file ../../../Engine/Plugins/Runtime/CustomMeshComponent/Binaries/Win64/UE4Editor-CustomMeshComponent.dll (API version 3944462).
LogModuleManager: Display: Found up-to-date module file ../../../Engine/Plugins/Runtime/ImmediatePhysics/Binaries/Win64/UE4Editor-ImmediatePhysics.dll (API version 3944462).
LogModuleManager: Display: Found up-to-date module file ../../../Engine/Plugins/Runtime/ImmediatePhysics/Binaries/Win64/UE4Editor-ImmediatePhysicsEditor.dll (API version 3944462).
LogModuleManager: Display: Found up-to-date module file ../../../Engine/Plugins/Runtime/ProceduralMeshComponent/Binaries/Win64/UE4Editor-ProceduralMeshComponent.dll (API version 3944462).
LogModuleManager: Display: Found up-to-date module file ../../../Engine/Plugins/Runtime/ProceduralMeshComponent/Binaries/Win64/UE4Editor-ProceduralMeshComponentEditor.dll (API version 3944462).
LogModuleManager: Display: Found up-to-date module file ../../../Engine/Plugins/Runtime/RuntimePhysXCooking/Binaries/Win64/UE4Editor-RuntimePhysXCooking.dll (API version 3944462).
LogModuleManager: Display: Found up-to-date module file ../../../Engine/Plugins/Runtime/WindowsMoviePlayer/Binaries/Win64/UE4Editor-WindowsMoviePlayer.dll (API version 3944462).
LogPluginManager: Mounting plugin LightPropagationVolume
LogPluginManager: Mounting plugin CLionSourceCodeAccess
LogPluginManager: Mounting plugin CodeLiteSourceCodeAccess
LogPluginManager: Mounting plugin GitSourceControl
LogPluginManager: Mounting plugin KDevelopSourceCodeAccess
LogPluginManager: Mounting plugin NullSourceCodeAccess
LogPluginManager: Mounting plugin VisualStudioCodeSourceCodeAccess
LogPluginManager: Mounting plugin VisualStudioSourceCodeAccess
LogPluginManager: Mounting plugin XCodeSourceCodeAccess
LogPluginManager: Mounting plugin AssetManagerEditor
LogPluginManager: Mounting plugin CryptoKeys
LogPluginManager: Mounting plugin DataValidation
LogPluginManager: Mounting plugin FacialAnimation
LogPluginManager: Mounting plugin GameplayTagsEditor
LogPluginManager: Mounting plugin PluginBrowser
LogPluginManager: Mounting plugin SpeedTreeImporter
LogPluginManager: Mounting plugin DatasmithContent
LogPluginManager: Mounting plugin CharacterAI
LogPluginManager: Mounting plugin HTML5Networking
LogPluginManager: Mounting plugin ImgMedia
LogPluginManager: Mounting plugin LinearTimecode
LogPluginManager: Mounting plugin MediaCompositing
LogPluginManager: Mounting plugin MediaPlayerEditor
LogPluginManager: Mounting plugin WmfMedia
LogPluginManager: Mounting plugin TcpMessaging
LogPluginManager: Mounting plugin UdpMessaging
LogPluginManager: Mounting plugin ActorSequence
LogPluginManager: Mounting plugin LevelSequenceEditor
LogPluginManager: Mounting plugin MatineeToLevelSequence
LogPluginManager: Mounting plugin NetcodeUnitTest
LogPluginManager: Mounting plugin NUTUnrealEngine4
LogPluginManager: Mounting plugin OnlineSubsystem
LogPluginManager: Mounting plugin OnlineSubsystemNull
LogPluginManager: Mounting plugin OnlineSubsystemUtils
LogPluginManager: Mounting plugin AudioCapture
LogPluginManager: Mounting plugin CableComponent
LogPluginManager: Mounting plugin CustomMeshComponent
LogPluginManager: Mounting plugin GoogleCloudMessaging
LogPluginManager: Mounting plugin ImmediatePhysics
LogPluginManager: Mounting plugin ProceduralMeshComponent
LogPluginManager: Mounting plugin RuntimePhysXCooking
LogPluginManager: Mounting plugin WindowsDeviceProfileSelector
LogPluginManager: Mounting plugin WindowsMoviePlayer
LogStreaming: Display: Took  0.450s to configure plugins.
LogInit: Using libcurl 7.47.1
LogInit:  - built for x86_64-pc-win32
LogInit:  - supports SSL with OpenSSL/1.0.2g
LogInit:  - supports HTTP deflate (compression) using libz 1.2.8
LogInit:  - other features:
LogInit:      CURL_VERSION_SSL
LogInit:      CURL_VERSION_LIBZ
LogInit:      CURL_VERSION_IPV6
LogInit:      CURL_VERSION_ASYNCHDNS
LogInit:      CURL_VERSION_LARGEFILE
LogInit:      CURL_VERSION_IDN
LogInit:  CurlRequestOptions (configurable via config and command line):
LogInit:  - bVerifyPeer = false  - Libcurl will NOT verify peer certificate
LogInit:  - bUseHttpProxy = false  - Libcurl will NOT use HTTP proxy
LogInit:  - bDontReuseConnections = false  - Libcurl will reuse connections
LogInit:  - CertBundlePath = nullptr  - Libcurl will use whatever was configured at build time.
LogInit:  - MaxHostConnections = 16  - Libcurl will limit the number of connections to a host
LogInit:  - LocalHostAddr = Default
LogInit: Build: ++UE4+Release-4.19-CL-3944462
LogInit: Engine Version: 4.19.0-3944462+++UE4+Release-4.19
LogInit: Compatible Engine Version: 4.19.0-3944462+++UE4+Release-4.19
LogInit: Net CL: 3944462
LogDevObjectVersion: Number of dev versions registered: 18
LogDevObjectVersion:   Dev-Blueprints (B0D832E4-1F89-4F0D-ACCF-7EB736FD4AA2): 10
LogDevObjectVersion:   Dev-Build (E1C64328-A22C-4D53-A36C-8E866417BD8C): 0
LogDevObjectVersion:   Dev-Core (375EC13C-06E4-48FB-B500-84F0262A717E): 2
LogDevObjectVersion:   Dev-Editor (E4B068ED-F494-42E9-A231-DA0B2E46BB41): 23
LogDevObjectVersion:   Dev-Framework (CFFC743F-43B0-4480-9391-14DF171D2073): 33
LogDevObjectVersion:   Dev-Mobile (B02B49B5-BB20-44E9-A304-32B752E40360): 2
LogDevObjectVersion:   Dev-Networking (A4E4105C-59A1-49B5-A7C5-40C4547EDFEE): 0
LogDevObjectVersion:   Dev-Online (39C831C9-5AE6-47DC-9A44-9C173E1C8E7C): 0
LogDevObjectVersion:   Dev-Physics (78F01B33-EBEA-4F98-B9B4-84EACCB95AA2): 0
LogDevObjectVersion:   Dev-Platform (6631380F-2D4D-43E0-8009-CF276956A95A): 0
LogDevObjectVersion:   Dev-Rendering (12F88B9F-8875-4AFC-A67C-D90C383ABD29): 25
LogDevObjectVersion:   Dev-Sequencer (7B5AE74C-D270-4C10-A958-57980B212A5A): 6
LogDevObjectVersion:   Dev-VR (D7296918-1DD6-4BDD-9DE2-64A83CC13884): 1
LogDevObjectVersion:   Dev-LoadTimes (C2A15278-BFE7-4AFE-6C17-90FF531DF755): 1
LogDevObjectVersion:   Private-Geometry (6EACA3D4-40EC-4CC1-B786-8BED09428FC5): 2
LogDevObjectVersion:   Dev-AnimPhys (29E575DD-E0A3-4627-9D10-D276232CDCEA): 16
LogDevObjectVersion:   Dev-ReflectionCapture (6B266CEC-1EC7-4B8F-A30B-E4D90942FC07): 1
LogDevObjectVersion:   Dev-Automation (0DF73D61-A23F-47EA-B727-89E90C41499A): 1
LogInit: Compiled (64-bit): Mar 13 2018 23:12:32
LogInit: Compiled with Visual C++: 19.00.24215.01
LogInit: Build Configuration: Development
LogInit: Branch Name: ++UE4+Release-4.19
LogInit: Command Line:  
LogInit: Base Directory: E:/UE/UE_4.19P6/UE_4.19/Engine/Binaries/Win64/
LogInit: Installed Engine Build: 1
LogStreaming: Display: Took  0.050s to delete old logs.
LogInit: Presizing for max 8388607 objects, including 0 objects not considered by GC, pre-allocating 0 bytes for permanent pool.
LogInit: Object subsystem initialized
[2018.03.18-19.31.49:430][  0]LogModuleManager: Warning: No filename provided for module ExampleDeviceProfileSelector
[2018.03.18-19.31.49:430][  0]LogModuleManager: Warning: ModuleManager: Unable to load module 'ExampleDeviceProfileSelector' because the file 'E:/UE/UE_4.19P6/UE_4.19/Engine/Binaries/Win64/' was not found.
[2018.03.18-19.31.49:430][  0]LogInit: Applying CVar settings loaded from the selected device profile: [Windows]
[2018.03.18-19.31.49:439][  0]LogInit: Computer: DESKTOP-LAGIQ6D
[2018.03.18-19.31.49:439][  0]LogInit: User: Andre
[2018.03.18-19.31.49:439][  0]LogInit: CPU Page size=4096, Cores=8
[2018.03.18-19.31.49:439][  0]LogInit: High frequency timer resolution =2.924232 MHz
[2018.03.18-19.31.49:440][  0]LogMemory: Memory total: Physical=15.9GB (16GB approx)
[2018.03.18-19.31.49:440][  0]LogMemory: Platform Memory Stats for Windows
[2018.03.18-19.31.49:440][  0]LogMemory: Process Physical Memory: 271.70 MB used, 271.70 MB peak
[2018.03.18-19.31.49:440][  0]LogMemory: Process Virtual Memory: 263.41 MB used, 263.41 MB peak
[2018.03.18-19.31.49:440][  0]LogMemory: Physical Memory: 5654.90 MB used,  10663.80 MB free, 16318.70 MB total
[2018.03.18-19.31.49:440][  0]LogMemory: Virtual Memory: 678.85 MB used,  10663.80 MB free, 134217728.00 MB total
[2018.03.18-19.31.49:500][  0]LogInit: Using OS detected language (en-US).
[2018.03.18-19.31.49:500][  0]LogInit: Using OS detected locale (en-ZA).
[2018.03.18-19.31.49:503][  0]LogTextLocalizationManager: No specific localization for 'en-US' exists, so the 'en' localization will be used.
[2018.03.18-19.31.50:026][  0]LogStreaming: Display: Took  0.526s to EndInitTextLocalization.
[2018.03.18-19.31.50:026][  0]LogInit: Setting process to per monitor DPI aware
[2018.03.18-19.31.50:042][  0]LogSlate: New Slate User Created.  User Index 0, Is Virtual User: 0
[2018.03.18-19.31.50:042][  0]LogSlate: Slate User Registered.  User Index 0, Is Virtual User: 0
[2018.03.18-19.31.50:227][  0]LogD3D11RHI: D3D11 adapters:
[2018.03.18-19.31.50:271][  0]LogD3D11RHI:    0. 'NVIDIA GeForce GTX 950' (Feature Level 11_0)
[2018.03.18-19.31.50:271][  0]LogD3D11RHI:       2007/0/8159 MB DedicatedVideo/DedicatedSystem/SharedSystem, Outputs:1, VendorId:0x10de
[2018.03.18-19.31.50:273][  0]LogD3D11RHI:    1. 'Microsoft Basic Render Driver' (Feature Level 11_0)
[2018.03.18-19.31.50:273][  0]LogD3D11RHI:       0/0/8159 MB DedicatedVideo/DedicatedSystem/SharedSystem, Outputs:0, VendorId:0x1414
[2018.03.18-19.31.50:273][  0]LogD3D11RHI: Chosen D3D11 Adapter: 0
[2018.03.18-19.31.50:279][  0]LogD3D11RHI: Creating new Direct3DDevice
[2018.03.18-19.31.50:280][  0]LogD3D11RHI:     GPU DeviceId: 0x1402 (for the marketing name, search the web for "GPU Device Id")
[2018.03.18-19.31.50:280][  0]LogWindows: EnumDisplayDevices:
[2018.03.18-19.31.50:280][  0]LogWindows:    0. 'NVIDIA GeForce GTX 950' (P:1 D:1)
[2018.03.18-19.31.50:280][  0]LogWindows:    1. 'NVIDIA GeForce GTX 950' (P:0 D:0)
[2018.03.18-19.31.50:280][  0]LogWindows:    2. 'NVIDIA GeForce GTX 950' (P:0 D:0)
[2018.03.18-19.31.50:280][  0]LogWindows:    3. 'NVIDIA GeForce GTX 950' (P:0 D:0)
[2018.03.18-19.31.50:280][  0]LogWindows: DebugString: FoundDriverCount:4 
[2018.03.18-19.31.50:280][  0]LogD3D11RHI:     Adapter Name: NVIDIA GeForce GTX 950
[2018.03.18-19.31.50:280][  0]LogD3D11RHI:   Driver Version: 390.77 (internal:23.21.13.9077, unified:390.77)
[2018.03.18-19.31.50:280][  0]LogD3D11RHI:      Driver Date: 1-23-2018
[2018.03.18-19.31.50:280][  0]LogRHI: Texture pool is 1405 MB (70% of 2007 MB)
[2018.03.18-19.31.50:316][  0]LogD3D11RHI: [Aftermath] Aftermath enabled and primed
[2018.03.18-19.31.50:317][  0]LogD3D11RHI: Async texture creation enabled
[2018.03.18-19.31.50:335][  0]LogD3D11RHI: GPU Timing Frequency: 1000.000000 (Debug: 2 2)
[2018.03.18-19.31.50:336][  0]LogShaderCompilers: Guid format shader working directory is -24 characters bigger than the processId version (../../../../../../Github/UnknownProject/UnknownProject/Project_Unknown/Intermediate/Shaders/WorkingDirectory/1188/).
[2018.03.18-19.31.50:336][  0]LogShaderCompilers: Cleaned the shader compiler working directory 'C:/Users/Andre/AppData/Local/Temp/UnrealShaderWorkingDir/F23B48864CF607C0BBAE5FB4C0140781/'.
[2018.03.18-19.31.50:581][  0]LogTemp: Display: Loaded TP AllDesktopTargetPlatform
[2018.03.18-19.31.50:599][  0]LogTemp: Display: Loaded TP MacClientTargetPlatform
[2018.03.18-19.31.50:617][  0]LogTemp: Display: Loaded TP MacNoEditorTargetPlatform
[2018.03.18-19.31.50:635][  0]LogTemp: Display: Loaded TP MacServerTargetPlatform
[2018.03.18-19.31.50:654][  0]LogTemp: Display: Loaded TP MacTargetPlatform
[2018.03.18-19.31.50:672][  0]LogTemp: Display: Loaded TP WindowsClientTargetPlatform
[2018.03.18-19.31.50:689][  0]LogTemp: Display: Loaded TP WindowsNoEditorTargetPlatform
[2018.03.18-19.31.50:707][  0]LogTemp: Display: Loaded TP WindowsServerTargetPlatform
[2018.03.18-19.31.50:714][  0]LogTemp: Display: Loaded TP WindowsTargetPlatform
[2018.03.18-19.31.50:730][  0]LogTemp: Display: Loaded TP Android_ASTCTargetPlatform
[2018.03.18-19.31.50:746][  0]LogTemp: Display: Loaded TP Android_ATCTargetPlatform
[2018.03.18-19.31.50:763][  0]LogTemp: Display: Loaded TP Android_DXTTargetPlatform
[2018.03.18-19.31.50:779][  0]LogTemp: Display: Loaded TP Android_ETC1aTargetPlatform
[2018.03.18-19.31.50:794][  0]LogTemp: Display: Loaded TP Android_ETC1TargetPlatform
[2018.03.18-19.31.50:810][  0]LogTemp: Display: Loaded TP Android_ETC2TargetPlatform
[2018.03.18-19.31.50:843][  0]LogTemp: Display: Loaded TP Android_MultiTargetPlatform
[2018.03.18-19.31.50:843][  0]LogTemp: Display: Loaded TP Android_PVRTCTargetPlatform
[2018.03.18-19.31.50:859][  0]LogTemp: Display: Loaded TP AndroidTargetPlatform
[2018.03.18-19.31.50:860][  0]LogTemp: Display: Loaded TP HTML5TargetPlatform
[2018.03.18-19.31.50:900][  0]LogTemp: Display: Loaded TP IOSTargetPlatform
[2018.03.18-19.31.50:916][  0]LogTemp: Display: Loaded TP TVOSTargetPlatform
[2018.03.18-19.31.50:932][  0]LogTemp: Display: Loaded TP LinuxClientTargetPlatform
[2018.03.18-19.31.50:948][  0]LogTemp: Display: Loaded TP LinuxNoEditorTargetPlatform
[2018.03.18-19.31.50:965][  0]LogTemp: Display: Loaded TP LinuxServerTargetPlatform
[2018.03.18-19.31.50:981][  0]LogTemp: Display: Loaded TP LinuxTargetPlatform
[2018.03.18-19.31.50:982][  0]LogTargetPlatformManager: Display: Building Assets For Windows
[2018.03.18-19.31.51:057][  0]LogXGEController: Cannot use XGE Controller as Incredibuild is not installed on this machine.
[2018.03.18-19.31.51:057][  0]LogShaderCompilers: Cannot use XGE Shader Compiler as Incredibuild is not installed on this machine.
[2018.03.18-19.31.51:057][  0]LogShaderCompilers: Display: Using Local Shader Compiler.
[2018.03.18-19.31.51:785][  0]LogDerivedDataCache: Display: Max Cache Size: 512 MB
[2018.03.18-19.31.51:870][  0]LogDerivedDataCache: Loaded boot cache 0.08s 74MB C:/Users/Andre/AppData/Local/UnrealEngine/4.19/DerivedDataCache/Boot.ddc.
[2018.03.18-19.31.51:870][  0]LogDerivedDataCache: Display: Loaded Boot cache: C:/Users/Andre/AppData/Local/UnrealEngine/4.19/DerivedDataCache/Boot.ddc
[2018.03.18-19.31.51:870][  0]LogDerivedDataCache: FDerivedDataBackendGraph:  Pak pak cache file ../../../../../../Github/UnknownProject/UnknownProject/Project_Unknown/DerivedDataCache/DDC.ddp not found, will not use a pak cache.
[2018.03.18-19.31.51:870][  0]LogDerivedDataCache: Unable to find inner node Pak for hierarchical cache Hierarchy.
[2018.03.18-19.31.51:870][  0]LogDerivedDataCache: FDerivedDataBackendGraph:  CompressedPak pak cache file ../../../../../../Github/UnknownProject/UnknownProject/Project_Unknown/DerivedDataCache/Compressed.ddp not found, will not use a pak cache.
[2018.03.18-19.31.51:870][  0]LogDerivedDataCache: Unable to find inner node CompressedPak for hierarchical cache Hierarchy.
[2018.03.18-19.31.51:891][  0]LogDerivedDataCache: Display: Pak cache opened for reading ../../../Engine/DerivedDataCache/Compressed.ddp.
[2018.03.18-19.31.51:903][  0]LogDerivedDataCache: Using Local data cache path C:/Users/Andre/AppData/Local/UnrealEngine/Common/DerivedDataCache: Writable
[2018.03.18-19.31.51:920][  0]LogMaterial: Verifying Global Shaders for PCD3D_SM5
[2018.03.18-19.31.51:921][  0]LogSlate: Using Freetype 2.6.0
[2018.03.18-19.31.51:921][  0]LogSlate: SlateFontCache - WITH_FREETYPE: 1, WITH_HARFBUZZ: 1
[2018.03.18-19.31.51:921][  0]LogSlate: SlateFontCache - WITH_FREETYPE: 1, WITH_HARFBUZZ: 1
[2018.03.18-19.31.52:030][  0]LogAssetRegistry: FAssetRegistry took 0.0284 seconds to start up
[2018.03.18-19.31.52:434][  0]LogModuleManager: Warning: No filename provided for module ExampleDeviceProfileSelector
[2018.03.18-19.31.52:434][  0]LogModuleManager: Warning: ModuleManager: Unable to load module 'ExampleDeviceProfileSelector' because the file 'E:/UE/UE_4.19P6/UE_4.19/Engine/Binaries/Win64/' was not found.
[2018.03.18-19.31.52:588][  0]LogSimplygon: Simplygon DLL not present - disabling.
[2018.03.18-19.31.52:590][  0]LogMeshReduction: Using SimplygonSwarm for distributed automatic mesh merging
[2018.03.18-19.31.52:590][  0]LogMeshReduction: Using QuadricMeshReduction for automatic static mesh reduction
[2018.03.18-19.31.52:590][  0]LogMeshReduction: No automatic skeletal mesh reduction module available
[2018.03.18-19.31.52:590][  0]LogMeshReduction: No automatic mesh merging module available
[2018.03.18-19.31.52:590][  0]LogMeshMerging: No automatic mesh merging module available
[2018.03.18-19.31.52:615][  0]LogNetVersion: Project_Unknown , NetCL: 3944462, EngineNetVer: 2, GameNetVer: 0 (Checksum: 1574500905)
[2018.03.18-19.31.53:055][  0]LogPackageLocalizationCache: Processed 5 localized package path(s) for 2 prioritized culture(s) in 0.034763 seconds
[2018.03.18-19.31.53:063][  0]LogUObjectArray: 35893 objects as part of root set at end of initial load.
[2018.03.18-19.31.53:063][  0]LogUObjectAllocator: 7153504 out of 0 bytes used by permanent object pool.
[2018.03.18-19.31.53:063][  0]LogUObjectArray: CloseDisregardForGC: 0/0 objects in disregard for GC pool
[2018.03.18-19.31.53:068][  0]LogInit: WinSock: version 1.1 (2.2), MaxSocks=32767, MaxUdp=65467
[2018.03.18-19.31.54:570][  0]LogTcpMessaging: Initializing TcpMessaging bridge
[2018.03.18-19.31.54:592][  0]LogUdpMessaging: Initializing bridge on interface 0.0.0.0:0 to multicast group 230.0.0.1:6666.
[2018.03.18-19.31.54:731][  0]SourceControl: Source control is disabled
[2018.03.18-19.31.54:732][  0]SourceControl: Source control is disabled
[2018.03.18-19.31.55:123][  0]LogEngine: Initializing Engine...
[2018.03.18-19.31.55:125][  0]LogStats: UGameplayTagsManager::ConstructGameplayTagTree: Construct from data asset -  0.000 s
[2018.03.18-19.31.55:125][  0]LogStats: UGameplayTagsManager::ConstructGameplayTagTree: GameplayTagTreeChangedEvent.Broadcast -  0.000 s
[2018.03.18-19.31.55:383][  0]LogAIModule: Creating AISystem for world Untitled
[2018.03.18-19.31.55:405][  0]LogInit: XAudio2 using 'Speakers (Realtek High Definition Audio)' : 2 channels at 48 kHz using 32 bits per sample (channel mask 0x3)
[2018.03.18-19.31.55:422][  0]LogInit: FAudioDevice initialized.
[2018.03.18-19.31.55:481][  0]LogDerivedDataCache: Saved boot cache 0.06s 76MB C:/Users/Andre/AppData/Local/UnrealEngine/4.19/DerivedDataCache/Boot.ddc.
[2018.03.18-19.31.55:503][  0]LogInit: Texture streaming: Enabled
[2018.03.18-19.31.55:519][  0]LogEngineSessionManager: EngineSessionManager initialized
[2018.03.18-19.31.55:539][  0]LogInit: Transaction tracking system initialized
[2018.03.18-19.31.55:559][  0]BlueprintLog: New page: Editor Load
[2018.03.18-19.31.55:624][  0]LocalizationService: Localization service is disabled
[2018.03.18-19.31.55:709][  0]LogConsoleResponse: Display: 
[2018.03.18-19.31.55:876][  0]LogCook: Display: Max memory allowance for cook 16384mb min free memory 0mb
[2018.03.18-19.31.55:876][  0]LogCook: Display: Mobile HDR setting 1
[2018.03.18-19.31.55:876][  0]LogGameplayTags: Display: UGameplayTagsManager::DoneAddingNativeTags. DelegateIsBound: 0
[2018.03.18-19.31.55:876][  0]LogStats: UGameplayTagsManager::ConstructGameplayTagTree: Construct from data asset -  0.000 s
[2018.03.18-19.31.55:876][  0]LogStats: UGameplayTagsManager::ConstructGameplayTagTree: GameplayTagTreeChangedEvent.Broadcast -  0.000 s
[2018.03.18-19.31.55:982][  0]LogFileCache: Scanning file cache for directory 'E:/Github/UnknownProject/UnknownProject/Project_Unknown/Content/' took 0.01s
[2018.03.18-19.31.56:065][  0]SourceControl: Source control is disabled
[2018.03.18-19.31.56:065][  0]Cmd: MAP LOAD FILE="../../../../../../Github/UnknownProject/UnknownProject/Project_Unknown/Content/FirstPersonBP/Maps/FirstPersonExampleMap.umap" TEMPLATE=0 SHOWPROGRESS=1 FEATURELEVEL=3
[2018.03.18-19.31.56:066][  0]LightingResults: New page: Lighting Build
[2018.03.18-19.31.56:068][  0]MapCheck: New page: Map Check
[2018.03.18-19.31.56:068][  0]LightingResults: New page: Lighting Build
[2018.03.18-19.31.56:626][  0]LogSkeletalMesh: Skeletal Mesh found in DDC [3.794501ms] /Game/FirstPerson/FPWeapon/Mesh/SK_FPGun.SK_FPGun
[2018.03.18-19.31.56:641][  0]LogSkeletalMesh: Skeletal Mesh found in DDC [6.216333ms] /Game/FirstPerson/Character/Mesh/SK_Mannequin_Arms.SK_Mannequin_Arms
[2018.03.18-19.31.56:663][  0]LogAIModule: Creating AISystem for world FirstPersonExampleMap
[2018.03.18-19.31.56:676][  0]LogEditorServer: Finished looking for orphan Actors (0.000 secs)
[2018.03.18-19.31.56:689][  0]Cmd: MAP CHECKDEP NOCLEARLOG
[2018.03.18-19.31.56:726][  0]MapCheck: Map check complete: 0 Error(s), 0 Warning(s), took 37,246ms to complete.
[2018.03.18-19.31.56:726][  0]LogFileHelpers: Loading map 'FirstPersonExampleMap' took 0.661
[2018.03.18-19.31.56:869][  0]LogCollectionManager: Loaded 0 collections in 0.001116 seconds
[2018.03.18-19.31.56:910][  0]LogFileCache: Scanning file cache for directory 'E:/Github/UnknownProject/UnknownProject/Project_Unknown/Saved/Collections/' took 0.01s
[2018.03.18-19.31.56:910][  0]LogFileCache: Scanning file cache for directory 'E:/Github/UnknownProject/UnknownProject/Project_Unknown/Content/Developers/Andre/Collections/' took 0.01s
[2018.03.18-19.31.56:910][  0]LogFileCache: Scanning file cache for directory 'E:/Github/UnknownProject/UnknownProject/Project_Unknown/Content/Collections/' took 0.01s
[2018.03.18-19.31.56:910][  0]LogCollectionManager: Rebuilt the GUID cache for 0 collections in 0.000000 seconds
[2018.03.18-19.31.56:923][  0]LogContentBrowser: Native class hierarchy populated in 0.0133 seconds. Added 2341 classes and 483 folders.
[2018.03.18-19.31.56:929][  0]LogContentBrowser: Native class hierarchy updated for 'WidgetCarousel' in 0.0003 seconds. Added 0 classes and 0 folders.
[2018.03.18-19.31.56:967][  0]LogContentBrowser: Native class hierarchy updated for 'AddContentDialog' in 0.0003 seconds. Added 0 classes and 0 folders.
[2018.03.18-19.31.56:972][  0]LogContentBrowser: Native class hierarchy updated for 'SceneOutliner' in 0.0004 seconds. Added 1 classes and 2 folders.
[2018.03.18-19.31.57:074][  0]LogDirectoryWatcher: Warning: Failed to begin reading directory changes for ../../../../../../Github/UnknownProject/UnknownProject/Project_Unknown/Plugins/. Error: The system cannot find the file specified. (0x00000002)
[2018.03.18-19.31.57:080][  0]LogSlate: Took 0.000267 seconds to synchronously load lazily loaded font '../../../Engine/Content/Slate/Fonts/Roboto-Regular.ttf' (155K)
[2018.03.18-19.31.57:083][  0]LogSlate: Took 0.000259 seconds to synchronously load lazily loaded font '../../../Engine/Content/Slate/Fonts/Roboto-Bold.ttf' (160K)
[2018.03.18-19.31.57:091][  0]LogSlate: Took 0.000221 seconds to synchronously load lazily loaded font '../../../Engine/Content/Editor/Slate/Fonts/FontAwesome.ttf' (139K)
[2018.03.18-19.31.57:190][  0]LogRenderer: Reallocating scene render targets to support 900x456 Format 10 NumSamples 1 (Frame:1).
[2018.03.18-19.31.57:342][  0]LogContentBrowser: Native class hierarchy updated for 'HierarchicalLODOutliner' in 0.0003 seconds. Added 0 classes and 0 folders.
[2018.03.18-19.31.57:342][  0]LogLoad: (Engine Initialization) Total time: 9.92 seconds
[2018.03.18-19.31.57:342][  0]LogLoad: (Engine Initialization) Total Blueprint compile time: 0.00 seconds
[2018.03.18-19.31.57:703][  0]LogContentStreaming: Texture pool size now 1000 MB
[2018.03.18-19.31.57:739][  0]LogSlate: Took 0.000188 seconds to synchronously load lazily loaded font '../../../Engine/Content/Slate/Fonts/Roboto-Light.ttf' (167K)
[2018.03.18-19.31.58:024][  1]LogAssetRegistry: Asset discovery search completed in 6.0171 seconds
[2018.03.18-19.31.58:026][  1]LogCollectionManager: Rebuilt the object cache for 0 collections in 0.000000 seconds (found 0 objects)
[2018.03.18-19.31.58:026][  1]LogCollectionManager: Fixed up redirectors for 0 collections in 0.000044 seconds (updated 0 objects)
[2018.03.18-19.32.08:253][205]LogSlate: FSceneViewport::OnFocusLost() reason 0
[2018.03.18-19.32.08:328][214]LogSlate: Window 'Plugins' being destroyed
[2018.03.18-19.32.08:332][214]LogSlate: Window 'Plugins' being destroyed
[2018.03.18-19.32.08:332][214]LogDirectoryWatcher: A directory notification for '../../../Engine/Plugins/' was aborted.
[2018.03.18-19.32.09:710][376]LogSlate: FSceneViewport::OnFocusLost() reason 0
[2018.03.18-19.32.09:831][385]LogSlate: Window 'Project_Unknown - Unreal Editor' being destroyed
[2018.03.18-19.32.09:832][385]LogWindowsTextInputMethodSystem: Display: IME system now deactivated.
[2018.03.18-19.32.09:976][386]Cmd: QUIT_EDITOR
[2018.03.18-19.32.10:008][386]LogSlate: Slate User Destroyed.  User Index 0, Is Virtual User: 0
[2018.03.18-19.32.10:008][386]LogExit: Preparing to exit.
[2018.03.18-19.32.10:621][386]LogDirectoryWatcher: A directory notification for 'E:/Github/UnknownProject/UnknownProject/Project_Unknown/Content/' was aborted.
[2018.03.18-19.32.10:636][386]LogExit: Editor shut down
[2018.03.18-19.32.10:640][386]LogExit: Transaction tracking system shut down
[2018.03.18-19.32.10:737][386]LogDirectoryWatcher: A directory notification for '../../../Engine/Content/' was aborted.
[2018.03.18-19.32.10:737][386]LogDirectoryWatcher: A directory notification for '../../../../../../Github/UnknownProject/UnknownProject/Project_Unknown/Content/' was aborted.
[2018.03.18-19.32.10:737][386]LogDirectoryWatcher: A directory notification for '../../Plugins/Enterprise/DatasmithContent/Content/' was aborted.
[2018.03.18-19.32.10:737][386]LogDirectoryWatcher: A directory notification for '../../Plugins/Media/MediaCompositing/Content/' was aborted.
[2018.03.18-19.32.10:801][386]LogExit: Object subsystem successfully closed.
[2018.03.18-19.32.10:913][386]LogShaderCompilers: Display: Shaders left to compile 0
[2018.03.18-19.32.10:917][386]LogD3D11RHI: Shutdown
[2018.03.18-19.32.10:917][386]LogD3D11RHI: CleanupD3DDevice
[2018.03.18-19.32.10:960][386]LogD3D11RHI: ~FD3D11DynamicRHI
[2018.03.18-19.32.11:024][386]LogModuleManager: Shutting down and abandoning module HierarchicalLODOutliner (515)
[2018.03.18-19.32.11:024][386]LogModuleManager: Shutting down and abandoning module SceneOutliner (513)
[2018.03.18-19.32.11:024][386]LogModuleManager: Shutting down and abandoning module AddContentDialog (511)
[2018.03.18-19.32.11:024][386]LogDirectoryWatcher: A directory notification for 'E:/UE/UE_4.19P6/UE_4.19/FeaturePacks/' was aborted.
[2018.03.18-19.32.11:025][386]LogModuleManager: Shutting down and abandoning module WidgetCarousel (510)
[2018.03.18-19.32.11:025][386]LogModuleManager: Shutting down and abandoning module EditorWidgets (507)
[2018.03.18-19.32.11:025][386]LogModuleManager: Shutting down and abandoning module CollectionManager (505)
[2018.03.18-19.32.11:025][386]LogDirectoryWatcher: A directory notification for 'E:/Github/UnknownProject/UnknownProject/Project_Unknown/Content/Collections/' was aborted.
[2018.03.18-19.32.11:025][386]LogDirectoryWatcher: A directory notification for 'E:/Github/UnknownProject/UnknownProject/Project_Unknown/Content/Developers/Andre/Collections/' was aborted.
[2018.03.18-19.32.11:025][386]LogDirectoryWatcher: A directory notification for 'E:/Github/UnknownProject/UnknownProject/Project_Unknown/Saved/Collections/' was aborted.
[2018.03.18-19.32.11:025][386]LogModuleManager: Shutting down and abandoning module StatsViewer (503)
[2018.03.18-19.32.11:025][386]LogModuleManager: Shutting down and abandoning module FoliageEdit (501)
[2018.03.18-19.32.11:025][386]LogModuleManager: Shutting down and abandoning module LandscapeEditor (499)
[2018.03.18-19.32.11:025][386]LogModuleManager: Shutting down and abandoning module MeshPaintMode (497)
[2018.03.18-19.32.11:025][386]LogModuleManager: Shutting down and abandoning module MeshPaint (496)
[2018.03.18-19.32.11:025][386]LogModuleManager: Shutting down and abandoning module SceneDepthPickerMode (493)
[2018.03.18-19.32.11:025][386]LogModuleManager: Shutting down and abandoning module ActorPickerMode (491)
[2018.03.18-19.32.11:025][386]LogModuleManager: Shutting down and abandoning module GeometryMode (489)
[2018.03.18-19.32.11:025][386]LogModuleManager: Shutting down and abandoning module TextureAlignMode (487)
[2018.03.18-19.32.11:025][386]LogModuleManager: Shutting down and abandoning module BspMode (485)
[2018.03.18-19.32.11:025][386]LogModuleManager: Shutting down and abandoning module PIEPreviewDeviceProfileSelector (483)
[2018.03.18-19.32.11:025][386]LogModuleManager: Shutting down and abandoning module HardwareSurvey (481)
[2018.03.18-19.32.11:025][386]LogModuleManager: Shutting down and abandoning module SequenceRecorderSections (479)
[2018.03.18-19.32.11:025][386]LogModuleManager: Shutting down and abandoning module AutomationWorker (477)
[2018.03.18-19.32.11:025][386]LogModuleManager: Shutting down and abandoning module AudioCaptureEditor (475)
[2018.03.18-19.32.11:025][386]LogModuleManager: Shutting down and abandoning module SequenceRecorder (474)
[2018.03.18-19.32.11:026][386]LogModuleManager: Shutting down and abandoning module MatineeToLevelSequence (471)
[2018.03.18-19.32.11:026][386]LogModuleManager: Shutting down and abandoning module LevelSequenceEditor (469)
[2018.03.18-19.32.11:026][386]LogModuleManager: Shutting down and abandoning module PlacementMode (468)
[2018.03.18-19.32.11:026][386]LogModuleManager: Shutting down and abandoning module MaterialEditor (467)
[2018.03.18-19.32.11:026][386]LogModuleManager: Shutting down and abandoning module WmfMediaFactory (463)
[2018.03.18-19.32.11:026][386]LogModuleManager: Shutting down and abandoning module WmfMediaEditor (461)
[2018.03.18-19.32.11:026][386]LogModuleManager: Shutting down and abandoning module MediaPlayerEditor (459)
[2018.03.18-19.32.11:026][386]LogModuleManager: Shutting down and abandoning module OpenExrWrapper (457)
[2018.03.18-19.32.11:026][386]LogModuleManager: Shutting down and abandoning module ImgMediaFactory (455)
[2018.03.18-19.32.11:026][386]LogModuleManager: Shutting down and abandoning module ImgMediaEditor (453)
[2018.03.18-19.32.11:026][386]LogModuleManager: Shutting down and abandoning module CharacterAI (451)
[2018.03.18-19.32.11:026][386]LogModuleManager: Shutting down and abandoning module SessionServices (449)
[2018.03.18-19.32.11:026][386]LogModuleManager: Shutting down and abandoning module ViewportSnapping (447)
[2018.03.18-19.32.11:026][386]LogModuleManager: Shutting down and abandoning module ViewportInteraction (445)
[2018.03.18-19.32.11:026][386]LogModuleManager: Shutting down and abandoning module ClothPainter (443)
[2018.03.18-19.32.11:026][386]LogModuleManager: Shutting down and abandoning module SkeletalMeshEditor (442)
[2018.03.18-19.32.11:026][386]LogModuleManager: Shutting down and abandoning module LogVisualizer (439)
[2018.03.18-19.32.11:026][386]LogModuleManager: Shutting down and abandoning module IntroTutorials (437)
[2018.03.18-19.32.11:026][386]LogModuleManager: Shutting down and abandoning module GameProjectGeneration (436)
[2018.03.18-19.32.11:026][386]LogModuleManager: Shutting down and abandoning module IOSPlatformEditor (433)
[2018.03.18-19.32.11:026][386]LogModuleManager: Shutting down and abandoning module HTML5PlatformEditor (431)
[2018.03.18-19.32.11:026][386]LogModuleManager: Shutting down and abandoning module AndroidPlatformEditor (429)
[2018.03.18-19.32.11:026][386]LogModuleManager: Shutting down and abandoning module AndroidDeviceDetection (428)
[2018.03.18-19.32.11:677][386]LogModuleManager: Shutting down and abandoning module WindowsPlatformEditor (425)
[2018.03.18-19.32.11:678][386]LogModuleManager: Shutting down and abandoning module IOSRuntimeSettings (423)
[2018.03.18-19.32.11:678][386]LogModuleManager: Shutting down and abandoning module AndroidRuntimeSettings (421)
[2018.03.18-19.32.11:678][386]LogModuleManager: Shutting down and abandoning module InputBindingEditor (419)
[2018.03.18-19.32.11:678][386]LogModuleManager: Shutting down and abandoning module MergeActors (417)
[2018.03.18-19.32.11:678][386]LogModuleManager: Shutting down and abandoning module LocalizationDashboard (415)
[2018.03.18-19.32.11:678][386]LogModuleManager: Shutting down and abandoning module LocalizationService (414)
[2018.03.18-19.32.11:678][386]LogModuleManager: Shutting down and abandoning module HardwareTargeting (411)
[2018.03.18-19.32.11:678][386]LogModuleManager: Shutting down and abandoning module DeviceProfileEditor (409)
[2018.03.18-19.32.11:678][386]LogModuleManager: Shutting down and abandoning module UndoHistory (407)
[2018.03.18-19.32.11:678][386]LogModuleManager: Shutting down and abandoning module XmlParser (405)
[2018.03.18-19.32.11:678][386]LogModuleManager: Shutting down and abandoning module Blutility (403)
[2018.03.18-19.32.11:678][386]LogModuleManager: Shutting down and abandoning module ProjectSettingsViewer (401)
[2018.03.18-19.32.11:678][386]LogModuleManager: Shutting down and abandoning module ProjectTargetPlatformEditor (400)
[2018.03.18-19.32.11:678][386]LogModuleManager: Shutting down and abandoning module EditorSettingsViewer (397)
[2018.03.18-19.32.11:678][386]LogModuleManager: Shutting down and abandoning module SettingsEditor (395)
[2018.03.18-19.32.11:678][386]LogModuleManager: Shutting down and abandoning module ProjectLauncher (393)
[2018.03.18-19.32.11:678][386]LogModuleManager: Shutting down and abandoning module SessionFrontend (391)
[2018.03.18-19.32.11:678][386]LogModuleManager: Shutting down and abandoning module ProfilerClient (389)
[2018.03.18-19.32.11:678][386]LogModuleManager: Shutting down and abandoning module DeviceManager (387)
[2018.03.18-19.32.11:678][386]LogModuleManager: Shutting down and abandoning module TargetDeviceServices (386)
[2018.03.18-19.32.11:731][386]LogModuleManager: Shutting down and abandoning module AutomationController (383)
[2018.03.18-19.32.11:731][386]LogModuleManager: Shutting down and abandoning module AutomationWindow (381)
[2018.03.18-19.32.11:731][386]LogModuleManager: Shutting down and abandoning module Layers (379)
[2018.03.18-19.32.11:731][386]LogModuleManager: Shutting down and abandoning module ComponentVisualizers (377)
[2018.03.18-19.32.11:731][386]LogModuleManager: Shutting down and abandoning module DetailCustomizations (375)
[2018.03.18-19.32.11:731][386]LogModuleManager: Shutting down and abandoning module PackagesDialog (373)
[2018.03.18-19.32.11:731][386]LogModuleManager: Shutting down and abandoning module Persona (371)
[2018.03.18-19.32.11:731][386]LogModuleManager: Shutting down and abandoning module AdvancedPreviewScene (370)
[2018.03.18-19.32.11:731][386]LogModuleManager: Shutting down and abandoning module AnimGraph (368)
[2018.03.18-19.32.11:731][386]LogModuleManager: Shutting down and abandoning module Kismet (365)
[2018.03.18-19.32.11:731][386]LogModuleManager: Shutting down and abandoning module GraphEditor (363)
[2018.03.18-19.32.11:731][386]LogModuleManager: Shutting down and abandoning module ClassViewer (361)
[2018.03.18-19.32.11:731][386]LogModuleManager: Shutting down and abandoning module Toolbox (359)
[2018.03.18-19.32.11:732][386]LogModuleManager: Shutting down and abandoning module ModuleUI (357)
[2018.03.18-19.32.11:732][386]LogModuleManager: Shutting down and abandoning module MovieSceneTools (355)
[2018.03.18-19.32.11:732][386]LogModuleManager: Shutting down and abandoning module OutputLog (353)
[2018.03.18-19.32.11:732][386]LogModuleManager: Shutting down and abandoning module GammaUI (351)
[2018.03.18-19.32.11:732][386]LogModuleManager: Shutting down and abandoning module Documentation (349)
[2018.03.18-19.32.11:732][386]LogModuleManager: Shutting down and abandoning module MovieSceneTracks (347)
[2018.03.18-19.32.11:732][386]LogModuleManager: Shutting down and abandoning module MovieScene (345)
[2018.03.18-19.32.11:732][386]LogModuleManager: Shutting down and abandoning module GeometryCache (343)
[2018.03.18-19.32.11:732][386]LogModuleManager: Shutting down and abandoning module GeometryCacheEd (342)
[2018.03.18-19.32.11:732][386]LogModuleManager: Shutting down and abandoning module StreamingPauseRendering (339)
[2018.03.18-19.32.11:732][386]LogModuleManager: Shutting down and abandoning module LauncherPlatform (337)
[2018.03.18-19.32.11:732][386]LogModuleManager: Shutting down and abandoning module AnalyticsET (335)
[2018.03.18-19.32.11:732][386]LogModuleManager: Shutting down and abandoning module PortalServices (333)
[2018.03.18-19.32.11:732][386]LogModuleManager: Shutting down and abandoning module PortalRpc (331)
[2018.03.18-19.32.11:732][386]LogModuleManager: Shutting down and abandoning module MessagingRpc (329)
[2018.03.18-19.32.11:732][386]LogModuleManager: Shutting down and abandoning module AIModule (327)
[2018.03.18-19.32.11:732][386]LogModuleManager: Shutting down and abandoning module GameplayDebugger (326)
[2018.03.18-19.32.11:732][386]LogModuleManager: Shutting down and abandoning module AITestSuite (324)
[2018.03.18-19.32.11:732][386]LogModuleManager: Shutting down and abandoning module DesktopPlatform (321)
[2018.03.18-19.32.11:732][386]LogModuleManager: Shutting down and abandoning module ProfilerService (319)
[2018.03.18-19.32.11:841][386]LogModuleManager: Shutting down and abandoning module TaskGraph (317)
[2018.03.18-19.32.11:841][386]LogModuleManager: Shutting down and abandoning module ProceduralMeshComponentEditor (315)
[2018.03.18-19.32.11:841][386]LogModuleManager: Shutting down and abandoning module ProceduralMeshComponent (313)
[2018.03.18-19.32.11:841][386]LogModuleManager: Shutting down and abandoning module CustomMeshComponent (311)
[2018.03.18-19.32.11:841][386]LogModuleManager: Shutting down and abandoning module CableComponent (309)
[2018.03.18-19.32.11:841][386]LogModuleManager: Shutting down and abandoning module AudioCapture (307)
[2018.03.18-19.32.11:841][386]LogModuleManager: Shutting down and abandoning module NUTUnrealEngine4 (303)
[2018.03.18-19.32.11:841][386]LogModuleManager: Shutting down and abandoning module NetcodeUnitTest (301)
[2018.03.18-19.32.11:841][386]LogModuleManager: Shutting down and abandoning module MediaCompositingEditor (299)
[2018.03.18-19.32.11:841][386]LogModuleManager: Shutting down and abandoning module MediaCompositing (297)
[2018.03.18-19.32.11:841][386]LogModuleManager: Shutting down and abandoning module LinearTimecode (295)
[2018.03.18-19.32.11:841][386]LogModuleManager: Shutting down and abandoning module ImgMedia (293)
[2018.03.18-19.32.11:844][386]LogModuleManager: Shutting down and abandoning module HTML5Networking (291)
[2018.03.18-19.32.11:844][386]LogModuleManager: Shutting down and abandoning module DatasmithContent (289)
[2018.03.18-19.32.11:844][386]LogModuleManager: Shutting down and abandoning module SpeedTreeImporter (287)
[2018.03.18-19.32.11:844][386]LogModuleManager: Shutting down and abandoning module PluginBrowser (285)
[2018.03.18-19.32.11:845][386]LogModuleManager: Shutting down and abandoning module CryptoKeysOpenSSL (283)
[2018.03.18-19.32.11:845][386]LogModuleManager: Shutting down and abandoning module CryptoKeys (281)
[2018.03.18-19.32.11:845][386]LogModuleManager: Shutting down and abandoning module VisualStudioSourceCodeAccess (279)
[2018.03.18-19.32.11:845][386]LogModuleManager: Shutting down and abandoning module VisualStudioCodeSourceCodeAccess (277)
[2018.03.18-19.32.11:845][386]LogModuleManager: Shutting down and abandoning module GitSourceControl (275)
[2018.03.18-19.32.11:845][386]LogModuleManager: Shutting down and abandoning module SourceControl (274)
[2018.03.18-19.32.11:845][386]LogModuleManager: Shutting down and abandoning module CLionSourceCodeAccess (271)
[2018.03.18-19.32.11:845][386]LogModuleManager: Shutting down and abandoning module LightPropagationVolumeEditor (269)
[2018.03.18-19.32.11:845][386]LogModuleManager: Shutting down and abandoning module RuntimePhysXCooking (267)
[2018.03.18-19.32.11:845][386]LogModuleManager: Shutting down and abandoning module ImmediatePhysicsEditor (265)
[2018.03.18-19.32.11:845][386]LogModuleManager: Shutting down and abandoning module ImmediatePhysics (263)
[2018.03.18-19.32.11:845][386]LogModuleManager: Shutting down and abandoning module ActorSequence (261)
[2018.03.18-19.32.11:845][386]LogModuleManager: Shutting down and abandoning module UdpMessaging (259)
[2018.03.18-19.32.11:946][386]LogModuleManager: Shutting down and abandoning module TcpMessaging (257)
[2018.03.18-19.32.12:047][386]LogModuleManager: Shutting down and abandoning module GameplayTagsEditor (255)
[2018.03.18-19.32.12:047][386]LogModuleManager: Shutting down and abandoning module FacialAnimationEditor (253)
[2018.03.18-19.32.12:047][386]LogModuleManager: Shutting down and abandoning module FacialAnimation (251)
[2018.03.18-19.32.12:047][386]LogModuleManager: Shutting down and abandoning module DataValidation (249)
[2018.03.18-19.32.12:047][386]LogModuleManager: Shutting down and abandoning module AssetManagerEditor (247)
[2018.03.18-19.32.12:047][386]LogModuleManager: Shutting down and abandoning module LevelEditor (246)
[2018.03.18-19.32.12:048][386]LogModuleManager: Shutting down and abandoning module PixelInspectorModule (245)
[2018.03.18-19.32.12:048][386]LogModuleManager: Shutting down and abandoning module CommonMenuExtensions (243)
[2018.03.18-19.32.12:048][386]LogModuleManager: Shutting down and abandoning module MainFrame (241)
[2018.03.18-19.32.12:048][386]LogModuleManager: Shutting down and abandoning module HotReload (240)
[2018.03.18-19.32.12:049][386]LogModuleManager: Shutting down and abandoning module ContentBrowser (236)
[2018.03.18-19.32.12:050][386]LogModuleManager: Shutting down and abandoning module TreeMap (234)
[2018.03.18-19.32.12:050][386]LogModuleManager: Shutting down and abandoning module LightPropagationVolumeRuntime (231)
[2018.03.18-19.32.12:050][386]LogModuleManager: Shutting down and abandoning module WindowsMoviePlayer (229)
[2018.03.18-19.32.12:050][386]LogModuleManager: Shutting down and abandoning module WmfMedia (227)
[2018.03.18-19.32.12:050][386]LogModuleManager: Shutting down and abandoning module PacketHandler (225)
[2018.03.18-19.32.12:050][386]LogModuleManager: Shutting down and abandoning module ClothingSystemEditor (223)
[2018.03.18-19.32.12:050][386]LogModuleManager: Shutting down and abandoning module ClothingSystemRuntime (221)
[2018.03.18-19.32.12:050][386]LogModuleManager: Shutting down and abandoning module MediaAssets (219)
[2018.03.18-19.32.12:050][386]LogModuleManager: Shutting down and abandoning module Media (218)
[2018.03.18-19.32.12:056][386]LogModuleManager: Shutting down and abandoning module Overlay (215)
[2018.03.18-19.32.12:056][386]LogModuleManager: Shutting down and abandoning module OverlayEditor (214)
[2018.03.18-19.32.12:056][386]LogModuleManager: Shutting down and abandoning module VREditor (211)
[2018.03.18-19.32.12:056][386]LogModuleManager: Shutting down and abandoning module StringTableEditor (209)
[2018.03.18-19.32.12:056][386]LogModuleManager: Shutting down and abandoning module GameplayTasksEditor (207)
[2018.03.18-19.32.12:056][386]LogModuleManager: Shutting down and abandoning module BehaviorTreeEditor (205)
[2018.03.18-19.32.12:056][386]LogModuleManager: Shutting down and abandoning module FunctionalTesting (203)
[2018.03.18-19.32.12:056][386]LogModuleManager: Shutting down and abandoning module CollisionAnalyzer (201)
[2018.03.18-19.32.12:056][386]LogModuleManager: Shutting down and abandoning module WorkspaceMenuStructure (200)
[2018.03.18-19.32.12:057][386]LogModuleManager: Shutting down and abandoning module UMG (197)
[2018.03.18-19.32.12:057][386]LogModuleManager: Shutting down and abandoning module UMGEditor (196)
[2018.03.18-19.32.12:057][386]LogModuleManager: Shutting down and abandoning module Sequencer (195)
[2018.03.18-19.32.12:057][386]LogModuleManager: Shutting down and abandoning module MessageLog (192)
[2018.03.18-19.32.12:057][386]LogModuleManager: Shutting down and abandoning module SlateReflector (187)
[2018.03.18-19.32.12:057][386]LogModuleManager: Shutting down and abandoning module Slate (185)
[2018.03.18-19.32.12:057][386]LogModuleManager: Shutting down and abandoning module EditorStyle (183)
[2018.03.18-19.32.12:059][386]LogModuleManager: Shutting down and abandoning module MRMesh (181)
[2018.03.18-19.32.12:059][386]LogModuleManager: Shutting down and abandoning module SourceCodeAccess (179)
[2018.03.18-19.32.12:059][386]LogModuleManager: Shutting down and abandoning module HeadMountedDisplay (177)
[2018.03.18-19.32.12:059][386]LogModuleManager: Shutting down and abandoning module XAudio2 (175)
[2018.03.18-19.32.12:059][386]LogModuleManager: Shutting down and abandoning module Networking (173)
[2018.03.18-19.32.12:059][386]LogModuleManager: Shutting down and abandoning module Core (169)
[2018.03.18-19.32.12:059][386]LogModuleManager: Shutting down and abandoning module LevelSequence (167)
[2018.03.18-19.32.12:059][386]LogModuleManager: Shutting down and abandoning module KismetCompiler (165)
[2018.03.18-19.32.12:059][386]LogModuleManager: Shutting down and abandoning module MeshUtilities (163)
[2018.03.18-19.32.12:059][386]LogModuleManager: Shutting down and abandoning module MeshMergeUtilities (162)
[2018.03.18-19.32.12:059][386]LogModuleManager: Shutting down and abandoning module MeshReductionInterface (161)
[2018.03.18-19.32.12:059][386]LogModuleManager: Shutting down and abandoning module SimplygonSwarm (160)
[2018.03.18-19.32.12:059][386]LogModuleManager: Shutting down and abandoning module SimplygonMeshReduction (158)
[2018.03.18-19.32.12:059][386]LogModuleManager: Shutting down and abandoning module QuadricMeshReduction (156)
[2018.03.18-19.32.12:059][386]LogModuleManager: Shutting down and abandoning module MaterialBaking (152)
[2018.03.18-19.32.12:059][386]LogModuleManager: Shutting down and abandoning module DirectoryWatcher (148)
[2018.03.18-19.32.12:059][386]LogModuleManager: Shutting down and abandoning module DerivedDataCache (145)
[2018.03.18-19.32.12:418][386]LogDerivedDataCache: Shutdown
[2018.03.18-19.32.12:419][386]LogModuleManager: Shutting down and abandoning module XGEController (143)
[2018.03.18-19.32.12:419][386]LogModuleManager: Shutting down and abandoning module TargetPlatform (141)
[2018.03.18-19.32.12:419][386]LogModuleManager: Shutting down and abandoning module VulkanShaderFormat (140)
[2018.03.18-19.32.12:419][386]LogModuleManager: Shutting down and abandoning module ShaderFormatVectorVM (138)
[2018.03.18-19.32.12:419][386]LogModuleManager: Shutting down and abandoning module ShaderFormatOpenGL (136)
[2018.03.18-19.32.12:419][386]LogModuleManager: Shutting down and abandoning module ShaderFormatD3D (134)
[2018.03.18-19.32.12:419][386]LogModuleManager: Shutting down and abandoning module MetalShaderFormat (132)
[2018.03.18-19.32.12:419][386]LogModuleManager: Shutting down and abandoning module TextureFormatUncompressed (130)
[2018.03.18-19.32.12:419][386]LogModuleManager: Shutting down and abandoning module TextureFormatPVR (128)
[2018.03.18-19.32.12:419][386]LogModuleManager: Shutting down and abandoning module TextureFormatDXT (126)
[2018.03.18-19.32.12:419][386]LogModuleManager: Shutting down and abandoning module TextureFormatIntelISPCTexComp (124)
[2018.03.18-19.32.12:419][386]LogModuleManager: Shutting down and abandoning module TextureFormatASTC (122)
[2018.03.18-19.32.12:419][386]LogModuleManager: Shutting down and abandoning module ImageWrapper (121)
[2018.03.18-19.32.12:419][386]LogModuleManager: Shutting down and abandoning module TextureFormatAndroid (118)
[2018.03.18-19.32.12:419][386]LogModuleManager: Shutting down and abandoning module AudioFormatOpus (116)
[2018.03.18-19.32.12:419][386]LogModuleManager: Shutting down and abandoning module AudioFormatOgg (114)
[2018.03.18-19.32.12:419][386]LogModuleManager: Shutting down and abandoning module AudioFormatADPCM (112)
[2018.03.18-19.32.12:419][386]LogModuleManager: Shutting down and abandoning module LinuxTargetPlatform (110)
[2018.03.18-19.32.12:419][386]LogModuleManager: Shutting down and abandoning module LinuxServerTargetPlatform (108)
[2018.03.18-19.32.12:419][386]LogModuleManager: Shutting down and abandoning module LinuxNoEditorTargetPlatform (106)
[2018.03.18-19.32.12:419][386]LogModuleManager: Shutting down and abandoning module LinuxClientTargetPlatform (104)
[2018.03.18-19.32.12:419][386]LogModuleManager: Shutting down and abandoning module TVOSTargetPlatform (102)
[2018.03.18-19.32.12:419][386]LogModuleManager: Shutting down and abandoning module Messaging (100)
[2018.03.18-19.32.12:419][386]LogModuleManager: Shutting down and abandoning module IOSTargetPlatform (98)
[2018.03.18-19.32.12:419][386]LogModuleManager: Shutting down and abandoning module HTML5TargetPlatform (96)
[2018.03.18-19.32.12:419][386]LogModuleManager: Shutting down and abandoning module AndroidTargetPlatform (94)
[2018.03.18-19.32.12:419][386]LogModuleManager: Shutting down and abandoning module Android_PVRTCTargetPlatform (92)
[2018.03.18-19.32.12:419][386]LogModuleManager: Shutting down and abandoning module Android_MultiTargetPlatform (90)
[2018.03.18-19.32.12:419][386]LogModuleManager: Shutting down and abandoning module Android_ETC2TargetPlatform (88)
[2018.03.18-19.32.12:419][386]LogModuleManager: Shutting down and abandoning module Android_ETC1TargetPlatform (86)
[2018.03.18-19.32.12:419][386]LogModuleManager: Shutting down and abandoning module Android_ETC1aTargetPlatform (84)
[2018.03.18-19.32.12:419][386]LogModuleManager: Shutting down and abandoning module Android_DXTTargetPlatform (82)
[2018.03.18-19.32.12:419][386]LogModuleManager: Shutting down and abandoning module Android_ATCTargetPlatform (80)
[2018.03.18-19.32.12:419][386]LogModuleManager: Shutting down and abandoning module Android_ASTCTargetPlatform (78)
[2018.03.18-19.32.12:419][386]LogModuleManager: Shutting down and abandoning module WindowsTargetPlatform (76)
[2018.03.18-19.32.12:419][386]LogModuleManager: Shutting down and abandoning module WindowsServerTargetPlatform (74)
[2018.03.18-19.32.12:419][386]LogModuleManager: Shutting down and abandoning module WindowsNoEditorTargetPlatform (72)
[2018.03.18-19.32.12:419][386]LogModuleManager: Shutting down and abandoning module WindowsClientTargetPlatform (70)
[2018.03.18-19.32.12:419][386]LogModuleManager: Shutting down and abandoning module MacTargetPlatform (68)
[2018.03.18-19.32.12:419][386]LogModuleManager: Shutting down and abandoning module MacServerTargetPlatform (66)
[2018.03.18-19.32.12:419][386]LogModuleManager: Shutting down and abandoning module MacNoEditorTargetPlatform (64)
[2018.03.18-19.32.12:419][386]LogModuleManager: Shutting down and abandoning module MacClientTargetPlatform (62)
[2018.03.18-19.32.12:419][386]LogModuleManager: Shutting down and abandoning module AllDesktopTargetPlatform (60)
[2018.03.18-19.32.12:419][386]LogModuleManager: Shutting down and abandoning module InputCore (57)
[2018.03.18-19.32.12:419][386]LogModuleManager: Shutting down and abandoning module Settings (55)
[2018.03.18-19.32.12:419][386]LogModuleManager: Shutting down and abandoning module PhysXCooking (53)
[2018.03.18-19.32.12:419][386]LogModuleManager: Shutting down and abandoning module WindowsDeviceProfileSelector (50)
[2018.03.18-19.32.12:420][386]LogModuleManager: Shutting down and abandoning module OnlineBlueprintSupport (48)
[2018.03.18-19.32.12:420][386]LogModuleManager: Shutting down and abandoning module OnlineSubsystem (44)
[2018.03.18-19.32.12:420][386]LogModuleManager: Shutting down and abandoning module XMPP (43)
[2018.03.18-19.32.12:420][386]LogModuleManager: Shutting down and abandoning module HTTP (41)
[2018.03.18-19.32.12:420][386]LogHttp: Display: Http module shutting down, but needs to wait on 1 outstanding Http requests:
[2018.03.18-19.32.12:420][386]LogHttp: Display: 	verb=[POST] url=[https://datarouter.ol.epicgames.com/datarouter/api/v1/public/data?SessionID=%7B1479BA71-4745-802A-6321-BCA6FAF99BD6%7D&AppID=UEEditor.Rocket.Release&AppVersion=4.19.0-3944462%2B%2B%2BUE4%2BRelease-4.19&UserID=862830324498c893b4807d8056a232ff%7C395be5349c0942cc9800baa4a7326347%7C6147075d-8497-4c96-b56c-911ce71b1149&AppEnvironment=datacollector-binary&UploadType=eteventstream] status=Processing
[2018.03.18-19.32.12:420][386]LogHttp: Display: Sleeping 0.5s to wait for 1 outstanding Http requests.
[2018.03.18-19.32.12:920][386]LogHttp: Display: Sleeping 0.5s to wait for 1 outstanding Http requests.
[2018.03.18-19.32.13:420][386]LogHttp: Display: Sleeping 0.5s to wait for 1 outstanding Http requests.
[2018.03.18-19.32.13:920][386]LogHttp: Display: Sleeping 0.5s to wait for 1 outstanding Http requests.
[2018.03.18-19.32.14:421][386]LogHttp: Display: Sleeping 0.5s to wait for 1 outstanding Http requests.
[2018.03.18-19.32.14:921][386]LogHttp: Display: Sleeping 0.5s to wait for 1 outstanding Http requests.
[2018.03.18-19.32.15:456][386]LogModuleManager: Shutting down and abandoning module SSL (40)
[2018.03.18-19.32.15:457][386]LogModuleManager: Shutting down and abandoning module AnimationModifiers (36)
[2018.03.18-19.32.15:457][386]LogModuleManager: Shutting down and abandoning module PropertyEditor (35)
[2018.03.18-19.32.15:457][386]LogModuleManager: Shutting down and abandoning module AudioEditor (32)
[2018.03.18-19.32.15:457][386]LogModuleManager: Shutting down and abandoning module TextureCompressor (30)
[2018.03.18-19.32.15:457][386]LogModuleManager: Shutting down and abandoning module ShaderCore (28)
[2018.03.18-19.32.15:457][386]LogModuleManager: Shutting down and abandoning module Landscape (26)
[2018.03.18-19.32.15:457][386]LogModuleManager: Shutting down and abandoning module SlateRHIRenderer (24)
[2018.03.18-19.32.15:458][386]LogModuleManager: Shutting down and abandoning module OpenGLDrv (22)
[2018.03.18-19.32.15:458][386]LogModuleManager: Shutting down and abandoning module D3D11RHI (20)
[2018.03.18-19.32.15:458][386]LogModuleManager: Shutting down and abandoning module AnimGraphRuntime (18)
[2018.03.18-19.32.15:458][386]LogModuleManager: Shutting down and abandoning module Renderer (16)
[2018.03.18-19.32.15:458][386]LogModuleManager: Shutting down and abandoning module Engine (14)
[2018.03.18-19.32.15:458][386]LogModuleManager: Shutting down and abandoning module CoreUObject (12)
[2018.03.18-19.32.15:458][386]LogModuleManager: Shutting down and abandoning module NetworkFile (10)
[2018.03.18-19.32.15:458][386]LogModuleManager: Shutting down and abandoning module CookedIterativeFile (8)
[2018.03.18-19.32.15:458][386]LogModuleManager: Shutting down and abandoning module StreamingFile (6)
[2018.03.18-19.32.15:458][386]LogModuleManager: Shutting down and abandoning module SandboxFile (4)
[2018.03.18-19.32.15:458][386]LogModuleManager: Shutting down and abandoning module PakFile (2)
[2018.03.18-19.32.15:469][386]LogExit: Exiting.
[2018.03.18-19.32.15:478][386]Log file closed, 03/18/18 21:32:15
